{"timestamp":"2025-06-12T16:35:13.030725","level":"info","event":"DAG bundles loaded: dags-folder, example_dags","logger":"airflow.dag_processing.bundles.manager.DagBundlesManager"}
{"timestamp":"2025-06-12T16:35:13.031933","level":"info","event":"Filling up the DagBag from /opt/airflow/dags/dag.py","logger":"airflow.models.dagbag.DagBag"}
{"timestamp":"2025-06-12T16:35:13.099697Z","level":"error","event":"%3|1749746113.099|FAIL|rdkafka#producer-1| [thrd:localhost:9092/bootstrap]: localhost:9092/bootstrap: Connect to ipv4#127.0.0.1:9092 failed: Connection refused (after 1ms in state CONNECT)","chan":"stderr","logger":"task"}
{"timestamp":"2025-06-12T16:35:13.176650Z","level":"info","event":"Task instance is in running state","chan":"stdout","logger":"task"}
{"timestamp":"2025-06-12T16:35:13.176940Z","level":"info","event":" Previous state of the Task instance: TaskInstanceState.QUEUED","chan":"stdout","logger":"task"}
{"timestamp":"2025-06-12T16:35:13.177137Z","level":"info","event":"Current task name:consume_from_topic","chan":"stdout","logger":"task"}
{"timestamp":"2025-06-12T16:35:13.177283Z","level":"info","event":"Dag name:consume_kafka_msgs","chan":"stdout","logger":"task"}
{"timestamp":"2025-06-12T16:35:13.124600","level":"info","event":"Secrets backends loaded for worker","count":1,"backend_classes":["EnvironmentVariablesBackend"],"logger":"supervisor"}
{"timestamp":"2025-06-12T16:35:13.193386","level":"info","event":"Connection Retrieved 'consumer_task'","logger":"airflow.hooks.base"}
{"timestamp":"2025-06-12T16:35:13.251765Z","level":"error","event":"%3|1749746113.251|FAIL|rdkafka#consumer-2| [thrd:localhost:9092/1]: localhost:9092/1: Connect to ipv4#127.0.0.1:9092 failed: Connection refused (after 2ms in state CONNECT)","chan":"stderr","logger":"task"}
{"timestamp":"2025-06-12T16:35:13.253073Z","level":"info","event":"Exception received:  KafkaError{code=_TRANSPORT,val=-195,str=\"localhost:9092/1: Connect to ipv4#127.0.0.1:9092 failed: Connection refused (after 2ms in state CONNECT)\"}","chan":"stdout","logger":"task"}
{"timestamp":"2025-06-12T16:35:13.253481Z","level":"info","event":"Exception received:  KafkaError{code=_ALL_BROKERS_DOWN,val=-187,str=\"1/1 brokers are down\"}","chan":"stdout","logger":"task"}
{"timestamp":"2025-06-12T16:35:14.101690Z","level":"error","event":"%3|1749746114.101|FAIL|rdkafka#producer-1| [thrd:localhost:9092/bootstrap]: localhost:9092/bootstrap: Connect to ipv4#127.0.0.1:9092 failed: Connection refused (after 0ms in state CONNECT, 1 identical error(s) suppressed)","chan":"stderr","logger":"task"}
{"timestamp":"2025-06-12T16:35:14.197539Z","level":"error","event":"%3|1749746114.197|FAIL|rdkafka#consumer-2| [thrd:localhost:9092/1]: localhost:9092/1: Connect to ipv4#127.0.0.1:9092 failed: Connection refused (after 0ms in state CONNECT, 1 identical error(s) suppressed)","chan":"stderr","logger":"task"}
{"timestamp":"2025-06-12T16:35:14.198512Z","level":"info","event":"Exception received:  KafkaError{code=_TRANSPORT,val=-195,str=\"localhost:9092/1: Connect to ipv4#127.0.0.1:9092 failed: Connection refused (after 0ms in state CONNECT, 1 identical error(s) suppressed)\"}","chan":"stdout","logger":"task"}
{"timestamp":"2025-06-12T16:35:14.368295Z","level":"info","event":"Exception received:  KafkaError{code=_ALL_BROKERS_DOWN,val=-187,str=\"2/2 brokers are down\"}","chan":"stdout","logger":"task"}
{"timestamp":"2025-06-12T16:35:15.687270Z","level":"info","event":"Exception received:  KafkaError{code=_ALL_BROKERS_DOWN,val=-187,str=\"2/2 brokers are down\"}","chan":"stdout","logger":"task"}
{"timestamp":"2025-06-12T16:35:16.899790Z","level":"info","event":"Exception received:  KafkaError{code=_ALL_BROKERS_DOWN,val=-187,str=\"2/2 brokers are down\"}","chan":"stdout","logger":"task"}
{"timestamp":"2025-06-12T16:35:19.485173Z","level":"info","event":"Exception received:  KafkaError{code=_ALL_BROKERS_DOWN,val=-187,str=\"2/2 brokers are down\"}","chan":"stdout","logger":"task"}
{"timestamp":"2025-06-12T16:35:19.544555Z","level":"info","event":"Exception received:  KafkaError{code=_ALL_BROKERS_DOWN,val=-187,str=\"2/2 brokers are down\"}","chan":"stdout","logger":"task"}
{"timestamp":"2025-06-12T16:35:20.331171Z","level":"info","event":"Exception received:  KafkaError{code=_ALL_BROKERS_DOWN,val=-187,str=\"2/2 brokers are down\"}","chan":"stdout","logger":"task"}
{"timestamp":"2025-06-12T16:35:21.366971Z","level":"info","event":"Exception received:  KafkaError{code=_ALL_BROKERS_DOWN,val=-187,str=\"2/2 brokers are down\"}","chan":"stdout","logger":"task"}
{"timestamp":"2025-06-12T16:35:24.043369Z","level":"info","event":"Exception received:  KafkaError{code=_ALL_BROKERS_DOWN,val=-187,str=\"2/2 brokers are down\"}","chan":"stdout","logger":"task"}
{"timestamp":"2025-06-12T16:35:25.960496Z","level":"info","event":"Exception received:  KafkaError{code=_ALL_BROKERS_DOWN,val=-187,str=\"2/2 brokers are down\"}","chan":"stdout","logger":"task"}
{"timestamp":"2025-06-12T16:35:28.562661Z","level":"info","event":"Exception received:  KafkaError{code=_ALL_BROKERS_DOWN,val=-187,str=\"2/2 brokers are down\"}","chan":"stdout","logger":"task"}
{"timestamp":"2025-06-12T16:35:30.004996Z","level":"info","event":"Exception received:  KafkaError{code=_ALL_BROKERS_DOWN,val=-187,str=\"2/2 brokers are down\"}","chan":"stdout","logger":"task"}
{"timestamp":"2025-06-12T16:35:31.718283Z","level":"info","event":"Exception received:  KafkaError{code=_ALL_BROKERS_DOWN,val=-187,str=\"2/2 brokers are down\"}","chan":"stdout","logger":"task"}
{"timestamp":"2025-06-12T16:35:33.543837Z","level":"info","event":"Exception received:  KafkaError{code=_ALL_BROKERS_DOWN,val=-187,str=\"2/2 brokers are down\"}","chan":"stdout","logger":"task"}
{"timestamp":"2025-06-12T16:35:34.712220Z","level":"info","event":"Exception received:  KafkaError{code=_ALL_BROKERS_DOWN,val=-187,str=\"2/2 brokers are down\"}","chan":"stdout","logger":"task"}
{"timestamp":"2025-06-12T16:35:35.776725Z","level":"info","event":"Exception received:  KafkaError{code=_ALL_BROKERS_DOWN,val=-187,str=\"2/2 brokers are down\"}","chan":"stdout","logger":"task"}
{"timestamp":"2025-06-12T16:35:37.252619Z","level":"info","event":"Exception received:  KafkaError{code=_ALL_BROKERS_DOWN,val=-187,str=\"2/2 brokers are down\"}","chan":"stdout","logger":"task"}
{"timestamp":"2025-06-12T16:35:38.308435Z","level":"info","event":"Exception received:  KafkaError{code=_ALL_BROKERS_DOWN,val=-187,str=\"2/2 brokers are down\"}","chan":"stdout","logger":"task"}
{"timestamp":"2025-06-12T16:35:40.642597Z","level":"info","event":"Exception received:  KafkaError{code=_ALL_BROKERS_DOWN,val=-187,str=\"2/2 brokers are down\"}","chan":"stdout","logger":"task"}
{"timestamp":"2025-06-12T16:35:42.433271Z","level":"info","event":"Exception received:  KafkaError{code=_ALL_BROKERS_DOWN,val=-187,str=\"2/2 brokers are down\"}","chan":"stdout","logger":"task"}
{"timestamp":"2025-06-12T16:35:43.715243Z","level":"info","event":"Exception received:  KafkaError{code=_ALL_BROKERS_DOWN,val=-187,str=\"2/2 brokers are down\"}","chan":"stdout","logger":"task"}
{"timestamp":"2025-06-12T16:35:44.157223Z","level":"error","event":"%3|1749746144.156|FAIL|rdkafka#producer-1| [thrd:localhost:9092/bootstrap]: localhost:9092/bootstrap: Connect to ipv4#127.0.0.1:9092 failed: Connection refused (after 1ms in state CONNECT, 30 identical error(s) suppressed)","chan":"stderr","logger":"task"}
{"timestamp":"2025-06-12T16:35:44.261720Z","level":"error","event":"%3|1749746144.261|FAIL|rdkafka#consumer-2| [thrd:localhost:9092/1]: localhost:9092/1: Connect to ipv4#127.0.0.1:9092 failed: Connection refused (after 0ms in state CONNECT, 271 identical error(s) suppressed)","chan":"stderr","logger":"task"}
{"timestamp":"2025-06-12T16:35:44.262602Z","level":"info","event":"Exception received:  KafkaError{code=_TRANSPORT,val=-195,str=\"localhost:9092/1: Connect to ipv4#127.0.0.1:9092 failed: Connection refused (after 0ms in state CONNECT, 271 identical error(s) suppressed)\"}","chan":"stdout","logger":"task"}
{"timestamp":"2025-06-12T16:35:44.651320Z","level":"info","event":"Exception received:  KafkaError{code=_ALL_BROKERS_DOWN,val=-187,str=\"2/2 brokers are down\"}","chan":"stdout","logger":"task"}
{"timestamp":"2025-06-12T16:35:45.270247Z","level":"info","event":"Exception received:  KafkaError{code=_ALL_BROKERS_DOWN,val=-187,str=\"2/2 brokers are down\"}","chan":"stdout","logger":"task"}
{"timestamp":"2025-06-12T16:35:46.428989Z","level":"info","event":"Exception received:  KafkaError{code=_ALL_BROKERS_DOWN,val=-187,str=\"2/2 brokers are down\"}","chan":"stdout","logger":"task"}
{"timestamp":"2025-06-12T16:35:47.612845Z","level":"info","event":"Exception received:  KafkaError{code=_ALL_BROKERS_DOWN,val=-187,str=\"2/2 brokers are down\"}","chan":"stdout","logger":"task"}
{"timestamp":"2025-06-12T16:35:48.380223Z","level":"info","event":"Exception received:  KafkaError{code=_ALL_BROKERS_DOWN,val=-187,str=\"2/2 brokers are down\"}","chan":"stdout","logger":"task"}
{"timestamp":"2025-06-12T16:35:49.397302Z","level":"info","event":"Exception received:  KafkaError{code=_ALL_BROKERS_DOWN,val=-187,str=\"2/2 brokers are down\"}","chan":"stdout","logger":"task"}
{"timestamp":"2025-06-12T16:35:51.729431Z","level":"info","event":"Exception received:  KafkaError{code=_ALL_BROKERS_DOWN,val=-187,str=\"2/2 brokers are down\"}","chan":"stdout","logger":"task"}
{"timestamp":"2025-06-12T16:35:52.403271Z","level":"info","event":"Exception received:  KafkaError{code=_ALL_BROKERS_DOWN,val=-187,str=\"2/2 brokers are down\"}","chan":"stdout","logger":"task"}
{"timestamp":"2025-06-12T16:35:52.438652Z","level":"info","event":"Exception received:  KafkaError{code=_ALL_BROKERS_DOWN,val=-187,str=\"2/2 brokers are down\"}","chan":"stdout","logger":"task"}
{"timestamp":"2025-06-12T16:35:53.610694Z","level":"info","event":"Exception received:  KafkaError{code=_ALL_BROKERS_DOWN,val=-187,str=\"2/2 brokers are down\"}","chan":"stdout","logger":"task"}
{"timestamp":"2025-06-12T16:35:54.345286Z","level":"info","event":"Exception received:  KafkaError{code=_ALL_BROKERS_DOWN,val=-187,str=\"2/2 brokers are down\"}","chan":"stdout","logger":"task"}
{"timestamp":"2025-06-12T16:35:55.570325Z","level":"info","event":"Exception received:  KafkaError{code=_ALL_BROKERS_DOWN,val=-187,str=\"2/2 brokers are down\"}","chan":"stdout","logger":"task"}
{"timestamp":"2025-06-12T16:35:55.621856Z","level":"info","event":"Exception received:  KafkaError{code=_ALL_BROKERS_DOWN,val=-187,str=\"2/2 brokers are down\"}","chan":"stdout","logger":"task"}
{"timestamp":"2025-06-12T16:35:56.355081Z","level":"info","event":"Exception received:  KafkaError{code=_ALL_BROKERS_DOWN,val=-187,str=\"2/2 brokers are down\"}","chan":"stdout","logger":"task"}
{"timestamp":"2025-06-12T16:35:57.479304Z","level":"info","event":"Exception received:  KafkaError{code=_ALL_BROKERS_DOWN,val=-187,str=\"2/2 brokers are down\"}","chan":"stdout","logger":"task"}
{"timestamp":"2025-06-12T16:35:58.616198Z","level":"info","event":"Exception received:  KafkaError{code=_ALL_BROKERS_DOWN,val=-187,str=\"2/2 brokers are down\"}","chan":"stdout","logger":"task"}
{"timestamp":"2025-06-12T16:35:59.638111Z","level":"info","event":"Exception received:  KafkaError{code=_ALL_BROKERS_DOWN,val=-187,str=\"2/2 brokers are down\"}","chan":"stdout","logger":"task"}
{"timestamp":"2025-06-12T16:36:00.300324Z","level":"info","event":"Exception received:  KafkaError{code=_ALL_BROKERS_DOWN,val=-187,str=\"2/2 brokers are down\"}","chan":"stdout","logger":"task"}
{"timestamp":"2025-06-12T16:36:01.737920Z","level":"info","event":"Exception received:  KafkaError{code=_ALL_BROKERS_DOWN,val=-187,str=\"2/2 brokers are down\"}","chan":"stdout","logger":"task"}
{"timestamp":"2025-06-12T16:36:04.117490Z","level":"info","event":"Exception received:  KafkaError{code=_ALL_BROKERS_DOWN,val=-187,str=\"2/2 brokers are down\"}","chan":"stdout","logger":"task"}
{"timestamp":"2025-06-12T16:36:05.535334Z","level":"info","event":"Exception received:  KafkaError{code=_ALL_BROKERS_DOWN,val=-187,str=\"2/2 brokers are down\"}","chan":"stdout","logger":"task"}
{"timestamp":"2025-06-12T16:36:06.329019Z","level":"info","event":"Exception received:  KafkaError{code=_ALL_BROKERS_DOWN,val=-187,str=\"2/2 brokers are down\"}","chan":"stdout","logger":"task"}
{"timestamp":"2025-06-12T16:36:08.033615Z","level":"info","event":"Exception received:  KafkaError{code=_ALL_BROKERS_DOWN,val=-187,str=\"2/2 brokers are down\"}","chan":"stdout","logger":"task"}
{"timestamp":"2025-06-12T16:36:09.872720Z","level":"info","event":"Exception received:  KafkaError{code=_ALL_BROKERS_DOWN,val=-187,str=\"2/2 brokers are down\"}","chan":"stdout","logger":"task"}
{"timestamp":"2025-06-12T16:36:12.681793Z","level":"info","event":"Exception received:  KafkaError{code=_ALL_BROKERS_DOWN,val=-187,str=\"2/2 brokers are down\"}","chan":"stdout","logger":"task"}
{"timestamp":"2025-06-12T16:36:13.212282","level":"info","event":"Reached end of log. Exiting.","logger":"airflow.task.operators.airflow.providers.apache.kafka.operators.consume.ConsumeFromTopicOperator"}
{"timestamp":"2025-06-12T16:36:13.216309","level":"info","event":"committing offset at end_of_operator","logger":"airflow.task.operators.airflow.providers.apache.kafka.operators.consume.ConsumeFromTopicOperator"}
{"timestamp":"2025-06-12T16:36:13.374563Z","level":"info","event":"Task instance in success state","chan":"stdout","logger":"task"}
{"timestamp":"2025-06-12T16:36:13.374817Z","level":"info","event":" Previous state of the Task instance: TaskInstanceState.RUNNING","chan":"stdout","logger":"task"}
{"timestamp":"2025-06-12T16:36:13.374967Z","level":"info","event":"Task operator:<Task(ConsumeFromTopicOperator): consume_from_topic>","chan":"stdout","logger":"task"}
