{"timestamp":"2025-05-24T01:51:02.099141","level":"info","event":"DAG bundles loaded: dags-folder, example_dags","logger":"airflow.dag_processing.bundles.manager.DagBundlesManager"}
{"timestamp":"2025-05-24T01:51:02.100232","level":"info","event":"Filling up the DagBag from /opt/airflow/dags/dag.py","logger":"airflow.models.dagbag.DagBag"}
{"timestamp":"2025-05-24T01:51:02.198727Z","level":"info","event":"Task instance is in running state","chan":"stdout","logger":"task"}
{"timestamp":"2025-05-24T01:51:02.198961Z","level":"info","event":" Previous state of the Task instance: TaskInstanceState.QUEUED","chan":"stdout","logger":"task"}
{"timestamp":"2025-05-24T01:51:02.199105Z","level":"info","event":"Current task name:consume_options_data","chan":"stdout","logger":"task"}
{"timestamp":"2025-05-24T01:51:02.199210Z","level":"info","event":"Dag name:options_data_pipeline","chan":"stdout","logger":"task"}
{"timestamp":"2025-05-24T01:51:02.177230","level":"info","event":"Secrets backends loaded for worker","count":1,"backend_classes":["EnvironmentVariablesBackend"],"logger":"supervisor"}
{"timestamp":"2025-05-24T01:51:02.207456","level":"info","event":"Connection Retrieved 'option_stream'","logger":"airflow.hooks.base"}
{"timestamp":"2025-05-24T01:51:02.263606Z","level":"error","event":"%3|1748051462.263|FAIL|rdkafka#consumer-1| [thrd:localhost:9092/1]: localhost:9092/1: Connect to ipv4#127.0.0.1:9092 failed: Connection refused (after 0ms in state CONNECT)","chan":"stderr","logger":"task"}
{"timestamp":"2025-05-24T01:51:02.264085Z","level":"info","event":"Exception received:  KafkaError{code=_TRANSPORT,val=-195,str=\"localhost:9092/1: Connect to ipv4#127.0.0.1:9092 failed: Connection refused (after 0ms in state CONNECT)\"}","chan":"stdout","logger":"task"}
{"timestamp":"2025-05-24T01:51:02.264252Z","level":"info","event":"Exception received:  KafkaError{code=_ALL_BROKERS_DOWN,val=-187,str=\"1/1 brokers are down\"}","chan":"stdout","logger":"task"}
{"timestamp":"2025-05-24T01:51:03.225363Z","level":"info","event":"Exception received:  KafkaError{code=_ALL_BROKERS_DOWN,val=-187,str=\"2/2 brokers are down\"}","chan":"stdout","logger":"task"}
{"timestamp":"2025-05-24T01:51:03.267072Z","level":"info","event":"Exception received:  KafkaError{code=_ALL_BROKERS_DOWN,val=-187,str=\"2/2 brokers are down\"}","chan":"stdout","logger":"task"}
{"timestamp":"2025-05-24T01:51:04.223559Z","level":"info","event":"Exception received:  KafkaError{code=_ALL_BROKERS_DOWN,val=-187,str=\"2/2 brokers are down\"}","chan":"stdout","logger":"task"}
{"timestamp":"2025-05-24T01:51:04.271749Z","level":"info","event":"Exception received:  KafkaError{code=_ALL_BROKERS_DOWN,val=-187,str=\"2/2 brokers are down\"}","chan":"stdout","logger":"task"}
{"timestamp":"2025-05-24T01:51:05.232131Z","level":"info","event":"Exception received:  KafkaError{code=_ALL_BROKERS_DOWN,val=-187,str=\"2/2 brokers are down\"}","chan":"stdout","logger":"task"}
{"timestamp":"2025-05-24T01:51:05.277843Z","level":"info","event":"Exception received:  KafkaError{code=_ALL_BROKERS_DOWN,val=-187,str=\"2/2 brokers are down\"}","chan":"stdout","logger":"task"}
{"timestamp":"2025-05-24T01:51:06.227623Z","level":"info","event":"Exception received:  KafkaError{code=_ALL_BROKERS_DOWN,val=-187,str=\"2/2 brokers are down\"}","chan":"stdout","logger":"task"}
{"timestamp":"2025-05-24T01:51:06.279349Z","level":"info","event":"Exception received:  KafkaError{code=_ALL_BROKERS_DOWN,val=-187,str=\"2/2 brokers are down\"}","chan":"stdout","logger":"task"}
{"timestamp":"2025-05-24T01:51:07.223905","level":"info","event":"Reached end of log. Exiting.","logger":"airflow.task.operators.airflow.providers.apache.kafka.operators.consume.ConsumeFromTopicOperator"}
{"timestamp":"2025-05-24T01:51:07.227184","level":"info","event":"committing offset at end_of_operator","logger":"airflow.task.operators.airflow.providers.apache.kafka.operators.consume.ConsumeFromTopicOperator"}
{"timestamp":"2025-05-24T01:51:07.370954Z","level":"info","event":"Exception received:  KafkaError{code=_ALL_BROKERS_DOWN,val=-187,str=\"2/2 brokers are down\"}","chan":"stdout","logger":"task"}
{"timestamp":"2025-05-24T01:51:07.371365Z","level":"info","event":"Task instance in success state","chan":"stdout","logger":"task"}
{"timestamp":"2025-05-24T01:51:07.371625Z","level":"info","event":" Previous state of the Task instance: TaskInstanceState.RUNNING","chan":"stdout","logger":"task"}
{"timestamp":"2025-05-24T01:51:07.371940Z","level":"info","event":"Task operator:<Task(ConsumeFromTopicOperator): consume_options_data>","chan":"stdout","logger":"task"}
