{"timestamp":"2025-06-13T16:46:40.316207","level":"info","event":"DAG bundles loaded: dags-folder","logger":"airflow.dag_processing.bundles.manager.DagBundlesManager"}
{"timestamp":"2025-06-13T16:46:40.317547","level":"info","event":"Filling up the DagBag from /opt/airflow/dags/dag.py","logger":"airflow.models.dagbag.DagBag"}
{"timestamp":"2025-06-13T16:46:40.412802","level":"info","event":"Secrets backends loaded for worker","count":1,"backend_classes":["EnvironmentVariablesBackend"],"logger":"supervisor"}
{"timestamp":"2025-06-13T16:46:40.491054","level":"info","event":"Connection Retrieved 'TEST'","logger":"airflow.hooks.base"}
{"timestamp":"2025-06-13T16:47:40.532764","level":"info","event":"Kafka Msg: b'1686715200000' - {\"open\": 183.37, \"close\": 183.95, \"low\": 182.02, \"high\": 184.39, \"volume\": 57462782.0, \"vwap\": 183.7101, \"timestamp\": 1686715200000, \"transactions\": 614097}","logger":"airflow"}
{"timestamp":"2025-06-13T16:47:40.534367","level":"info","event":"Kafka Msg: b'1686801600000' - {\"open\": 183.96, \"close\": 186.01, \"low\": 183.78, \"high\": 186.52, \"volume\": 65433166.0, \"vwap\": 185.5672, \"timestamp\": 1686801600000, \"transactions\": 697003}","logger":"airflow"}
{"timestamp":"2025-06-13T16:47:40.534420","level":"info","event":"Kafka Msg: b'1686888000000' - {\"open\": 186.73, \"close\": 184.92, \"low\": 184.27, \"high\": 186.99, \"volume\": 101151225.0, \"vwap\": 185.4644, \"timestamp\": 1686888000000, \"transactions\": 616272}","logger":"airflow"}
{"timestamp":"2025-06-13T16:47:40.534453","level":"info","event":"Kafka Msg: b'1687233600000' - {\"open\": 184.41, \"close\": 185.01, \"low\": 184.41, \"high\": 186.1, \"volume\": 49799092.0, \"vwap\": 185.2709, \"timestamp\": 1687233600000, \"transactions\": 577495}","logger":"airflow"}
{"timestamp":"2025-06-13T16:47:40.534492","level":"info","event":"Kafka Msg: b'1687320000000' - {\"open\": 184.9, \"close\": 183.96, \"low\": 182.5901, \"high\": 185.41, \"volume\": 49515697.0, \"vwap\": 184.0809, \"timestamp\": 1687320000000, \"transactions\": 520855}","logger":"airflow"}
{"timestamp":"2025-06-13T16:47:40.534529","level":"info","event":"Kafka Msg: b'1687406400000' - {\"open\": 183.74, \"close\": 187, \"low\": 183.67, \"high\": 187.045, \"volume\": 51245327.0, \"vwap\": 186.1166, \"timestamp\": 1687406400000, \"transactions\": 563076}","logger":"airflow"}
{"timestamp":"2025-06-13T16:47:40.534593","level":"info","event":"Kafka Msg: b'1687492800000' - {\"open\": 185.55, \"close\": 186.68, \"low\": 185.01, \"high\": 187.56, \"volume\": 53112346.0, \"vwap\": 186.4952, \"timestamp\": 1687492800000, \"transactions\": 539704}","logger":"airflow"}
{"timestamp":"2025-06-13T16:47:40.534624","level":"info","event":"Kafka Msg: b'1687752000000' - {\"open\": 186.83, \"close\": 185.27, \"low\": 185.23, \"high\": 188.05, \"volume\": 48088661.0, \"vwap\": 186.3292, \"timestamp\": 1687752000000, \"transactions\": 584497}","logger":"airflow"}
{"timestamp":"2025-06-13T16:47:40.534650","level":"info","event":"Kafka Msg: b'1687838400000' - {\"open\": 185.89, \"close\": 188.06, \"low\": 185.67, \"high\": 188.39, \"volume\": 50730846.0, \"vwap\": 187.4998, \"timestamp\": 1687838400000, \"transactions\": 511866}","logger":"airflow"}
{"timestamp":"2025-06-13T16:47:40.534675","level":"info","event":"Kafka Msg: b'1687924800000' - {\"open\": 187.93, \"close\": 189.25, \"low\": 187.6, \"high\": 189.9, \"volume\": 51216801.0, \"vwap\": 188.8916, \"timestamp\": 1687924800000, \"transactions\": 559145}","logger":"airflow"}
{"timestamp":"2025-06-13T16:47:40.534700","level":"info","event":"Kafka Msg: b'1688011200000' - {\"open\": 189.08, \"close\": 189.59, \"low\": 188.94, \"high\": 190.07, \"volume\": 46347308.0, \"vwap\": 189.5561, \"timestamp\": 1688011200000, \"transactions\": 525367}","logger":"airflow"}
{"timestamp":"2025-06-13T16:48:40.546323","level":"info","event":"Kafka Msg: b'1688097600000' - {\"open\": 191.63, \"close\": 193.97, \"low\": 191.26, \"high\": 194.48, \"volume\": 85068452.0, \"vwap\": 193.102, \"timestamp\": 1688097600000, \"transactions\": 774380}","logger":"airflow"}
{"timestamp":"2025-06-13T16:48:40.547598","level":"info","event":"Kafka Msg: b'1688356800000' - {\"open\": 193.78, \"close\": 192.46, \"low\": 191.76, \"high\": 193.88, \"volume\": 31458198.0, \"vwap\": 192.6624, \"timestamp\": 1688356800000, \"transactions\": 500175}","logger":"airflow"}
{"timestamp":"2025-06-13T16:48:40.547745","level":"info","event":"Kafka Msg: b'1688529600000' - {\"open\": 191.565, \"close\": 191.33, \"low\": 190.62, \"high\": 192.98, \"volume\": 46896861.0, \"vwap\": 191.5803, \"timestamp\": 1688529600000, \"transactions\": 560170}","logger":"airflow"}
{"timestamp":"2025-06-13T16:48:40.547864","level":"info","event":"Kafka Msg: b'1688616000000' - {\"open\": 189.84, \"close\": 191.81, \"low\": 189.2, \"high\": 192.02, \"volume\": 45155523.0, \"vwap\": 190.8214, \"timestamp\": 1688616000000, \"transactions\": 562755}","logger":"airflow"}
{"timestamp":"2025-06-13T16:48:40.547953","level":"info","event":"Kafka Msg: b'1688702400000' - {\"open\": 191.41, \"close\": 190.68, \"low\": 190.24, \"high\": 192.67, \"volume\": 46757498.0, \"vwap\": 191.4218, \"timestamp\": 1688702400000, \"transactions\": 538826}","logger":"airflow"}
{"timestamp":"2025-06-13T16:48:40.548022","level":"info","event":"Kafka Msg: b'1688961600000' - {\"open\": 189.26, \"close\": 188.61, \"low\": 187.035, \"high\": 189.99, \"volume\": 59912163.0, \"vwap\": 188.3628, \"timestamp\": 1688961600000, \"transactions\": 736912}","logger":"airflow"}
{"timestamp":"2025-06-13T16:48:40.548114","level":"info","event":"Kafka Msg: b'1689048000000' - {\"open\": 189.16, \"close\": 188.08, \"low\": 186.6, \"high\": 189.3, \"volume\": 46638119.0, \"vwap\": 187.8219, \"timestamp\": 1689048000000, \"transactions\": 577717}","logger":"airflow"}
{"timestamp":"2025-06-13T16:48:40.548262","level":"info","event":"Kafka Msg: b'1689134400000' - {\"open\": 189.68, \"close\": 189.77, \"low\": 188.47, \"high\": 191.7, \"volume\": 60750218.0, \"vwap\": 189.9586, \"timestamp\": 1689134400000, \"transactions\": 652126}","logger":"airflow"}
{"timestamp":"2025-06-13T16:48:40.548376","level":"info","event":"Kafka Msg: b'1689220800000' - {\"open\": 190.5, \"close\": 190.54, \"low\": 189.78, \"high\": 191.19, \"volume\": 41337338.0, \"vwap\": 190.565, \"timestamp\": 1689220800000, \"transactions\": 467952}","logger":"airflow"}
{"timestamp":"2025-06-13T16:48:40.548517","level":"info","event":"Kafka Msg: b'1689307200000' - {\"open\": 190.23, \"close\": 190.69, \"low\": 189.63, \"high\": 191.1799, \"volume\": 41616242.0, \"vwap\": 190.4662, \"timestamp\": 1689307200000, \"transactions\": 513233}","logger":"airflow"}
{"timestamp":"2025-06-13T16:48:40.548597","level":"info","event":"Kafka Msg: b'1689566400000' - {\"open\": 191.9, \"close\": 193.99, \"low\": 191.81, \"high\": 194.32, \"volume\": 50520159.0, \"vwap\": 193.2997, \"timestamp\": 1689566400000, \"transactions\": 602852}","logger":"airflow"}
{"timestamp":"2025-06-13T16:48:40.548677","level":"info","event":"Kafka Msg: b'1689652800000' - {\"open\": 193.35, \"close\": 193.73, \"low\": 192.415, \"high\": 194.33, \"volume\": 48153774.0, \"vwap\": 193.3846, \"timestamp\": 1689652800000, \"transactions\": 544605}","logger":"airflow"}
{"timestamp":"2025-06-13T16:49:40.555103","level":"info","event":"Kafka Msg: b'1689739200000' - {\"open\": 193.1, \"close\": 195.1, \"low\": 192.65, \"high\": 198.23, \"volume\": 80492323.0, \"vwap\": 194.9188, \"timestamp\": 1689739200000, \"transactions\": 776766}","logger":"airflow"}
{"timestamp":"2025-06-13T16:49:40.556544","level":"info","event":"Kafka Msg: b'1689825600000' - {\"open\": 195.09, \"close\": 193.13, \"low\": 192.495, \"high\": 196.47, \"volume\": 59581196.0, \"vwap\": 194.276, \"timestamp\": 1689825600000, \"transactions\": 639817}","logger":"airflow"}
{"timestamp":"2025-06-13T16:49:40.556684","level":"info","event":"Kafka Msg: b'1689912000000' - {\"open\": 194.1, \"close\": 191.94, \"low\": 191.23, \"high\": 194.97, \"volume\": 71451683.0, \"vwap\": 192.5948, \"timestamp\": 1689912000000, \"transactions\": 580360}","logger":"airflow"}
{"timestamp":"2025-06-13T16:49:40.556807","level":"info","event":"Kafka Msg: b'1690171200000' - {\"open\": 193.41, \"close\": 192.75, \"low\": 192.25, \"high\": 194.91, \"volume\": 45345097.0, \"vwap\": 193.2018, \"timestamp\": 1690171200000, \"transactions\": 525853}","logger":"airflow"}
{"timestamp":"2025-06-13T16:49:40.556933","level":"info","event":"Kafka Msg: b'1690257600000' - {\"open\": 193.33, \"close\": 193.62, \"low\": 192.915, \"high\": 194.44, \"volume\": 37283201.0, \"vwap\": 193.804, \"timestamp\": 1690257600000, \"transactions\": 445394}","logger":"airflow"}
{"timestamp":"2025-06-13T16:49:40.557043","level":"info","event":"Kafka Msg: b'1690344000000' - {\"open\": 193.67, \"close\": 194.5, \"low\": 193.32, \"high\": 195.64, \"volume\": 47471868.0, \"vwap\": 194.3737, \"timestamp\": 1690344000000, \"transactions\": 502309}","logger":"airflow"}
{"timestamp":"2025-06-13T16:49:40.557158","level":"info","event":"Kafka Msg: b'1690430400000' - {\"open\": 196.02, \"close\": 193.22, \"low\": 192.55, \"high\": 197.2, \"volume\": 47439680.0, \"vwap\": 194.8773, \"timestamp\": 1690430400000, \"transactions\": 570472}","logger":"airflow"}
{"timestamp":"2025-06-13T16:49:40.557296","level":"info","event":"Kafka Msg: b'1690516800000' - {\"open\": 194.67, \"close\": 195.83, \"low\": 194.14, \"high\": 196.626, \"volume\": 47691443.0, \"vwap\": 195.8075, \"timestamp\": 1690516800000, \"transactions\": 519151}","logger":"airflow"}
{"timestamp":"2025-06-13T16:49:40.557389","level":"info","event":"Kafka Msg: b'1690776000000' - {\"open\": 196.06, \"close\": 196.45, \"low\": 195.26, \"high\": 196.49, \"volume\": 38824113.0, \"vwap\": 196.1507, \"timestamp\": 1690776000000, \"transactions\": 530506}","logger":"airflow"}
{"timestamp":"2025-06-13T16:49:40.557489","level":"info","event":"Kafka Msg: b'1690862400000' - {\"open\": 196.235, \"close\": 195.605, \"low\": 195.28, \"high\": 196.73, \"volume\": 35281426.0, \"vwap\": 195.8486, \"timestamp\": 1690862400000, \"transactions\": 477616}","logger":"airflow"}
{"timestamp":"2025-06-13T16:49:40.557595","level":"info","event":"Kafka Msg: b'1690948800000' - {\"open\": 195.04, \"close\": 192.58, \"low\": 191.8507, \"high\": 195.18, \"volume\": 50388811.0, \"vwap\": 192.9395, \"timestamp\": 1690948800000, \"transactions\": 620582}","logger":"airflow"}
{"timestamp":"2025-06-13T16:49:40.557723","level":"info","event":"Kafka Msg: b'1691035200000' - {\"open\": 191.57, \"close\": 191.17, \"low\": 190.69, \"high\": 192.37, \"volume\": 62243282.0, \"vwap\": 191.1312, \"timestamp\": 1691035200000, \"transactions\": 754703}","logger":"airflow"}
{"timestamp":"2025-06-13T16:50:40.567646","level":"info","event":"Kafka Msg: b'1691121600000' - {\"open\": 185.52, \"close\": 181.99, \"low\": 181.92, \"high\": 187.38, \"volume\": 115956841.0, \"vwap\": 184.279, \"timestamp\": 1691121600000, \"transactions\": 1336765}","logger":"airflow"}
{"timestamp":"2025-06-13T16:50:40.569133","level":"info","event":"Kafka Msg: b'1691380800000' - {\"open\": 182.13, \"close\": 178.85, \"low\": 177.35, \"high\": 183.13, \"volume\": 97105069.0, \"vwap\": 179.0119, \"timestamp\": 1691380800000, \"transactions\": 1159281}","logger":"airflow"}
{"timestamp":"2025-06-13T16:50:40.569377","level":"info","event":"Kafka Msg: b'1691467200000' - {\"open\": 179.69, \"close\": 179.8, \"low\": 177.58, \"high\": 180.27, \"volume\": 67769003.0, \"vwap\": 178.9854, \"timestamp\": 1691467200000, \"transactions\": 709019}","logger":"airflow"}
{"timestamp":"2025-06-13T16:50:40.569509","level":"info","event":"Kafka Msg: b'1691553600000' - {\"open\": 180.87, \"close\": 178.19, \"low\": 177.01, \"high\": 180.93, \"volume\": 60303492.0, \"vwap\": 178.4887, \"timestamp\": 1691553600000, \"transactions\": 666112}","logger":"airflow"}
{"timestamp":"2025-06-13T16:50:40.569693","level":"info","event":"Kafka Msg: b'1691640000000' - {\"open\": 179.48, \"close\": 177.97, \"low\": 177.6, \"high\": 180.75, \"volume\": 54686851.0, \"vwap\": 178.7951, \"timestamp\": 1691640000000, \"transactions\": 652995}","logger":"airflow"}
{"timestamp":"2025-06-13T16:50:40.569819","level":"info","event":"Kafka Msg: b'1691726400000' - {\"open\": 177.32, \"close\": 177.79, \"low\": 176.55, \"high\": 178.62, \"volume\": 51036672.0, \"vwap\": 177.8056, \"timestamp\": 1691726400000, \"transactions\": 586481}","logger":"airflow"}
{"timestamp":"2025-06-13T16:50:40.569975","level":"info","event":"Kafka Msg: b'1691985600000' - {\"open\": 177.97, \"close\": 179.46, \"low\": 177.305, \"high\": 179.69, \"volume\": 43675627.0, \"vwap\": 178.9475, \"timestamp\": 1691985600000, \"transactions\": 564982}","logger":"airflow"}
{"timestamp":"2025-06-13T16:50:40.570124","level":"info","event":"Kafka Msg: b'1692072000000' - {\"open\": 178.88, \"close\": 177.45, \"low\": 177.05, \"high\": 179.48, \"volume\": 43574863.0, \"vwap\": 177.9886, \"timestamp\": 1692072000000, \"transactions\": 510071}","logger":"airflow"}
{"timestamp":"2025-06-13T16:50:40.570294","level":"info","event":"Kafka Msg: b'1692158400000' - {\"open\": 177.13, \"close\": 176.57, \"low\": 176.5, \"high\": 178.54, \"volume\": 45712957.0, \"vwap\": 177.4133, \"timestamp\": 1692158400000, \"transactions\": 526074}","logger":"airflow"}
{"timestamp":"2025-06-13T16:51:40.579430","level":"info","event":"Reached end of log. Exiting.","logger":"airflow.task.operators.airflow.providers.apache.kafka.operators.consume.ConsumeFromTopicOperator"}
{"timestamp":"2025-06-13T16:51:40.580481","level":"info","event":"committing offset at end_of_operator","logger":"airflow.task.operators.airflow.providers.apache.kafka.operators.consume.ConsumeFromTopicOperator"}
