{"timestamp":"2025-05-24T01:58:02.088590","level":"info","event":"DAG bundles loaded: dags-folder, example_dags","logger":"airflow.dag_processing.bundles.manager.DagBundlesManager"}
{"timestamp":"2025-05-24T01:58:02.090528","level":"info","event":"Filling up the DagBag from /opt/airflow/dags/dag.py","logger":"airflow.models.dagbag.DagBag"}
{"timestamp":"2025-05-24T01:58:02.406178Z","level":"info","event":"Task instance is in running state","chan":"stdout","logger":"task"}
{"timestamp":"2025-05-24T01:58:02.406683Z","level":"info","event":" Previous state of the Task instance: TaskInstanceState.QUEUED","chan":"stdout","logger":"task"}
{"timestamp":"2025-05-24T01:58:02.407000Z","level":"info","event":"Current task name:consume_options_data","chan":"stdout","logger":"task"}
{"timestamp":"2025-05-24T01:58:02.407207Z","level":"info","event":"Dag name:options_data_pipeline","chan":"stdout","logger":"task"}
{"timestamp":"2025-05-24T01:58:02.357340","level":"info","event":"Secrets backends loaded for worker","count":1,"backend_classes":["EnvironmentVariablesBackend"],"logger":"supervisor"}
{"timestamp":"2025-05-24T01:58:02.406890","level":"info","event":"Connection Retrieved 'option_stream'","logger":"airflow.hooks.base"}
{"timestamp":"2025-05-24T01:58:02.469574Z","level":"error","event":"%3|1748051882.468|FAIL|rdkafka#consumer-1| [thrd:localhost:9092/1]: localhost:9092/1: Connect to ipv4#127.0.0.1:9092 failed: Connection refused (after 1ms in state CONNECT)","chan":"stderr","logger":"task"}
{"timestamp":"2025-05-24T01:58:02.471694Z","level":"info","event":"Exception received:  KafkaError{code=_TRANSPORT,val=-195,str=\"localhost:9092/1: Connect to ipv4#127.0.0.1:9092 failed: Connection refused (after 1ms in state CONNECT)\"}","chan":"stdout","logger":"task"}
{"timestamp":"2025-05-24T01:58:02.471924Z","level":"info","event":"Exception received:  KafkaError{code=_ALL_BROKERS_DOWN,val=-187,str=\"1/1 brokers are down\"}","chan":"stdout","logger":"task"}
{"timestamp":"2025-05-24T01:58:03.432342Z","level":"info","event":"Exception received:  KafkaError{code=_ALL_BROKERS_DOWN,val=-187,str=\"2/2 brokers are down\"}","chan":"stdout","logger":"task"}
{"timestamp":"2025-05-24T01:58:03.477672Z","level":"info","event":"Exception received:  KafkaError{code=_ALL_BROKERS_DOWN,val=-187,str=\"2/2 brokers are down\"}","chan":"stdout","logger":"task"}
{"timestamp":"2025-05-24T01:58:04.423891Z","level":"info","event":"Exception received:  KafkaError{code=_ALL_BROKERS_DOWN,val=-187,str=\"2/2 brokers are down\"}","chan":"stdout","logger":"task"}
{"timestamp":"2025-05-24T01:58:04.474006Z","level":"info","event":"Exception received:  KafkaError{code=_ALL_BROKERS_DOWN,val=-187,str=\"2/2 brokers are down\"}","chan":"stdout","logger":"task"}
{"timestamp":"2025-05-24T01:58:05.427851Z","level":"info","event":"Exception received:  KafkaError{code=_ALL_BROKERS_DOWN,val=-187,str=\"2/2 brokers are down\"}","chan":"stdout","logger":"task"}
{"timestamp":"2025-05-24T01:58:05.477995Z","level":"info","event":"Exception received:  KafkaError{code=_ALL_BROKERS_DOWN,val=-187,str=\"2/2 brokers are down\"}","chan":"stdout","logger":"task"}
{"timestamp":"2025-05-24T01:58:06.461014Z","level":"info","event":"Exception received:  KafkaError{code=_ALL_BROKERS_DOWN,val=-187,str=\"2/2 brokers are down\"}","chan":"stdout","logger":"task"}
{"timestamp":"2025-05-24T01:58:06.482318Z","level":"info","event":"Exception received:  KafkaError{code=_ALL_BROKERS_DOWN,val=-187,str=\"2/2 brokers are down\"}","chan":"stdout","logger":"task"}
{"timestamp":"2025-05-24T01:58:07.426569","level":"info","event":"Reached end of log. Exiting.","logger":"airflow.task.operators.airflow.providers.apache.kafka.operators.consume.ConsumeFromTopicOperator"}
{"timestamp":"2025-05-24T01:58:07.428378","level":"info","event":"committing offset at end_of_operator","logger":"airflow.task.operators.airflow.providers.apache.kafka.operators.consume.ConsumeFromTopicOperator"}
{"timestamp":"2025-05-24T01:58:07.550685Z","level":"info","event":"Task instance in success state","chan":"stdout","logger":"task"}
{"timestamp":"2025-05-24T01:58:07.550877Z","level":"info","event":" Previous state of the Task instance: TaskInstanceState.RUNNING","chan":"stdout","logger":"task"}
{"timestamp":"2025-05-24T01:58:07.551042Z","level":"info","event":"Task operator:<Task(ConsumeFromTopicOperator): consume_options_data>","chan":"stdout","logger":"task"}
