{"timestamp":"2025-05-24T01:48:45.176749","level":"info","event":"DAG bundles loaded: dags-folder, example_dags","logger":"airflow.dag_processing.bundles.manager.DagBundlesManager"}
{"timestamp":"2025-05-24T01:48:45.177487","level":"info","event":"Filling up the DagBag from /opt/airflow/dags/dag.py","logger":"airflow.models.dagbag.DagBag"}
{"timestamp":"2025-05-24T01:48:45.908624Z","level":"info","event":"Task instance is in running state","chan":"stdout","logger":"task"}
{"timestamp":"2025-05-24T01:48:45.909109Z","level":"info","event":" Previous state of the Task instance: TaskInstanceState.QUEUED","chan":"stdout","logger":"task"}
{"timestamp":"2025-05-24T01:48:45.909264Z","level":"info","event":"Current task name:consume_options_data","chan":"stdout","logger":"task"}
{"timestamp":"2025-05-24T01:48:45.909434Z","level":"info","event":"Dag name:options_data_pipeline","chan":"stdout","logger":"task"}
{"timestamp":"2025-05-24T01:48:45.855856","level":"info","event":"Secrets backends loaded for worker","count":1,"backend_classes":["EnvironmentVariablesBackend"],"logger":"supervisor"}
{"timestamp":"2025-05-24T01:48:45.909245","level":"info","event":"Connection Retrieved 'option_stream'","logger":"airflow.hooks.base"}
{"timestamp":"2025-05-24T01:48:45.967566Z","level":"error","event":"%3|1748051325.967|FAIL|rdkafka#consumer-1| [thrd:localhost:9092/1]: localhost:9092/1: Connect to ipv4#127.0.0.1:9092 failed: Connection refused (after 0ms in state CONNECT)","chan":"stderr","logger":"task"}
{"timestamp":"2025-05-24T01:48:45.968287Z","level":"info","event":"Exception received:  KafkaError{code=_TRANSPORT,val=-195,str=\"localhost:9092/1: Connect to ipv4#127.0.0.1:9092 failed: Connection refused (after 0ms in state CONNECT)\"}","chan":"stdout","logger":"task"}
{"timestamp":"2025-05-24T01:48:45.968507Z","level":"info","event":"Exception received:  KafkaError{code=_ALL_BROKERS_DOWN,val=-187,str=\"1/1 brokers are down\"}","chan":"stdout","logger":"task"}
{"timestamp":"2025-05-24T01:48:46.936024Z","level":"info","event":"Exception received:  KafkaError{code=_ALL_BROKERS_DOWN,val=-187,str=\"2/2 brokers are down\"}","chan":"stdout","logger":"task"}
{"timestamp":"2025-05-24T01:48:46.974396Z","level":"info","event":"Exception received:  KafkaError{code=_ALL_BROKERS_DOWN,val=-187,str=\"2/2 brokers are down\"}","chan":"stdout","logger":"task"}
{"timestamp":"2025-05-24T01:48:47.930235Z","level":"info","event":"Exception received:  KafkaError{code=_ALL_BROKERS_DOWN,val=-187,str=\"2/2 brokers are down\"}","chan":"stdout","logger":"task"}
{"timestamp":"2025-05-24T01:48:47.977891Z","level":"info","event":"Exception received:  KafkaError{code=_ALL_BROKERS_DOWN,val=-187,str=\"2/2 brokers are down\"}","chan":"stdout","logger":"task"}
{"timestamp":"2025-05-24T01:48:48.933724Z","level":"info","event":"Exception received:  KafkaError{code=_ALL_BROKERS_DOWN,val=-187,str=\"2/2 brokers are down\"}","chan":"stdout","logger":"task"}
{"timestamp":"2025-05-24T01:48:48.984695Z","level":"info","event":"Exception received:  KafkaError{code=_ALL_BROKERS_DOWN,val=-187,str=\"2/2 brokers are down\"}","chan":"stdout","logger":"task"}
{"timestamp":"2025-05-24T01:48:49.976762Z","level":"info","event":"Exception received:  KafkaError{code=_ALL_BROKERS_DOWN,val=-187,str=\"2/2 brokers are down\"}","chan":"stdout","logger":"task"}
{"timestamp":"2025-05-24T01:48:49.997423Z","level":"info","event":"Exception received:  KafkaError{code=_ALL_BROKERS_DOWN,val=-187,str=\"2/2 brokers are down\"}","chan":"stdout","logger":"task"}
{"timestamp":"2025-05-24T01:48:50.919441","level":"info","event":"Reached end of log. Exiting.","logger":"airflow.task.operators.airflow.providers.apache.kafka.operators.consume.ConsumeFromTopicOperator"}
{"timestamp":"2025-05-24T01:48:50.921349","level":"info","event":"committing offset at end_of_operator","logger":"airflow.task.operators.airflow.providers.apache.kafka.operators.consume.ConsumeFromTopicOperator"}
{"timestamp":"2025-05-24T01:48:50.965767Z","level":"info","event":"Exception received:  KafkaError{code=_ALL_BROKERS_DOWN,val=-187,str=\"2/2 brokers are down\"}","chan":"stdout","logger":"task"}
{"timestamp":"2025-05-24T01:48:50.966052Z","level":"info","event":"Task instance in success state","chan":"stdout","logger":"task"}
{"timestamp":"2025-05-24T01:48:50.966188Z","level":"info","event":" Previous state of the Task instance: TaskInstanceState.RUNNING","chan":"stdout","logger":"task"}
{"timestamp":"2025-05-24T01:48:50.966350Z","level":"info","event":"Task operator:<Task(ConsumeFromTopicOperator): consume_options_data>","chan":"stdout","logger":"task"}
