{"timestamp":"2025-05-23T13:26:18.251404","level":"info","event":"DAG bundles loaded: dags-folder, example_dags","logger":"airflow.dag_processing.bundles.manager.DagBundlesManager"}
{"timestamp":"2025-05-23T13:26:18.253988","level":"info","event":"Filling up the DagBag from /opt/airflow/dags/dag.py","logger":"airflow.models.dagbag.DagBag"}
{"timestamp":"2025-05-23T13:26:18.520514Z","level":"info","event":"Task instance is in running state","chan":"stdout","logger":"task"}
{"timestamp":"2025-05-23T13:26:18.520754Z","level":"info","event":" Previous state of the Task instance: TaskInstanceState.QUEUED","chan":"stdout","logger":"task"}
{"timestamp":"2025-05-23T13:26:18.520887Z","level":"info","event":"Current task name:create_stream_data_table","chan":"stdout","logger":"task"}
{"timestamp":"2025-05-23T13:26:18.520972Z","level":"info","event":"Dag name:options_data_pipeline","chan":"stdout","logger":"task"}
{"timestamp":"2025-05-23T13:26:18.477545","level":"info","event":"Executing: \n    CREATE TABLE IF NOT EXISTS options_data (\n        id VARCHAR(255) PRIMARY KEY,\n        open DECIMAL,\n        close DECIMAL,\n        low DECIMAL,\n        volume DECIMAL,\n        vwap DECIMAL,\n        timestamp DECIMAL,\n        transactions DECIMAL\n    );\n    ","logger":"airflow.task.operators.airflow.providers.common.sql.operators.sql.SQLExecuteQueryOperator"}
{"timestamp":"2025-05-23T13:26:18.484922","level":"info","event":"Secrets backends loaded for worker","count":1,"backend_classes":["EnvironmentVariablesBackend"],"logger":"supervisor"}
{"timestamp":"2025-05-23T13:26:18.534502","level":"info","event":"Connection Retrieved '***'","logger":"airflow.hooks.base"}
{"timestamp":"2025-05-23T13:26:18.536446","level":"info","event":"Secrets backends loaded for worker","count":1,"backend_classes":["EnvironmentVariablesBackend"],"logger":"supervisor"}
{"timestamp":"2025-05-23T13:26:18.541178","level":"info","event":"Connection Retrieved '***'","logger":"airflow.hooks.base"}
{"timestamp":"2025-05-23T13:26:18.544926","level":"error","event":"Task failed with exception","logger":"task","error_detail":[{"exc_type":"OperationalError","exc_value":"connection to server at \"localhost\" (::1), port 5432 failed: Connection refused\n\tIs the server running on that host and accepting TCP/IP connections?\nconnection to server at \"localhost\" (127.0.0.1), port 5432 failed: Connection refused\n\tIs the server running on that host and accepting TCP/IP connections?\n","exc_notes":[],"syntax_error":null,"is_cause":false,"frames":[{"filename":"/home/airflow/.local/lib/python3.12/site-packages/airflow/sdk/execution_time/task_runner.py","lineno":838,"name":"run"},{"filename":"/home/airflow/.local/lib/python3.12/site-packages/airflow/sdk/execution_time/task_runner.py","lineno":1130,"name":"_execute_task"},{"filename":"/home/airflow/.local/lib/python3.12/site-packages/airflow/sdk/bases/operator.py","lineno":408,"name":"wrapper"},{"filename":"/home/airflow/.local/lib/python3.12/site-packages/airflow/providers/common/sql/operators/sql.py","lineno":312,"name":"execute"},{"filename":"/home/airflow/.local/lib/python3.12/site-packages/airflow/providers/common/sql/hooks/sql.py","lineno":725,"name":"run"},{"filename":"/usr/local/lib/python3.12/contextlib.py","lineno":137,"name":"__enter__"},{"filename":"/home/airflow/.local/lib/python3.12/site-packages/airflow/providers/common/sql/hooks/sql.py","lineno":832,"name":"_create_autocommit_connection"},{"filename":"/home/airflow/.local/lib/python3.12/site-packages/airflow/providers/***/hooks/***.py","lineno":173,"name":"get_conn"},{"filename":"/home/airflow/.local/lib/python3.12/site-packages/psycopg2/__init__.py","lineno":122,"name":"connect"}]}]}
{"timestamp":"2025-05-23T13:26:18.546318Z","level":"info","event":"Task instance in failure state","chan":"stdout","logger":"task"}
{"timestamp":"2025-05-23T13:26:18.546535Z","level":"info","event":"Task start","chan":"stdout","logger":"task"}
{"timestamp":"2025-05-23T13:26:18.546692Z","level":"info","event":"Task:<Task(SQLExecuteQueryOperator): create_stream_data_table>","chan":"stdout","logger":"task"}
{"timestamp":"2025-05-23T13:26:18.546916Z","level":"info","event":"Failure caused by connection to server at \"localhost\" (::1), port 5432 failed: Connection refused","chan":"stdout","logger":"task"}
{"timestamp":"2025-05-23T13:26:18.547055Z","level":"info","event":"\tIs the server running on that host and accepting TCP/IP connections?","chan":"stdout","logger":"task"}
{"timestamp":"2025-05-23T13:26:18.547271Z","level":"info","event":"connection to server at \"localhost\" (127.0.0.1), port 5432 failed: Connection refused","chan":"stdout","logger":"task"}
{"timestamp":"2025-05-23T13:26:18.547473Z","level":"info","event":"\tIs the server running on that host and accepting TCP/IP connections?","chan":"stdout","logger":"task"}
{"timestamp":"2025-05-23T13:26:18.547629Z","level":"info","event":"","chan":"stdout","logger":"task"}
