{"timestamp":"2025-06-13T10:00:45.434080","level":"info","event":"DAG bundles loaded: dags-folder","logger":"airflow.dag_processing.bundles.manager.DagBundlesManager"}
{"timestamp":"2025-06-13T10:00:45.436224","level":"info","event":"Filling up the DagBag from /opt/airflow/dags/dag.py","logger":"airflow.models.dagbag.DagBag"}
{"timestamp":"2025-06-13T10:00:45.661087","level":"info","event":"Secrets backends loaded for worker","count":1,"backend_classes":["EnvironmentVariablesBackend"],"logger":"supervisor"}
{"timestamp":"2025-06-13T10:00:45.718308","level":"info","event":"Connection Retrieved 'TEST'","logger":"airflow.hooks.base"}
{"timestamp":"2025-06-13T10:00:46.738383Z","level":"error","event":"%3|1749808846.737|FAIL|rdkafka#consumer-1| [thrd:localhost:9092/1]: localhost:9092/1: Connect to ipv4#127.0.0.1:9092 failed: Connection refused (after 2ms in state CONNECT)","chan":"stderr","logger":"task"}
{"timestamp":"2025-06-13T10:00:46.739716Z","level":"info","event":"Exception received:  KafkaError{code=_TRANSPORT,val=-195,str=\"localhost:9092/1: Connect to ipv4#127.0.0.1:9092 failed: Connection refused (after 2ms in state CONNECT)\"}","chan":"stdout","logger":"task"}
{"timestamp":"2025-06-13T10:00:46.739956Z","level":"info","event":"Exception received:  KafkaError{code=_ALL_BROKERS_DOWN,val=-187,str=\"1/1 brokers are down\"}","chan":"stdout","logger":"task"}
{"timestamp":"2025-06-13T10:00:46.797228Z","level":"error","event":"%3|1749808846.797|FAIL|rdkafka#consumer-1| [thrd:localhost:9092/1]: localhost:9092/1: Connect to ipv4#127.0.0.1:9092 failed: Connection refused (after 0ms in state CONNECT, 1 identical error(s) suppressed)","chan":"stderr","logger":"task"}
{"timestamp":"2025-06-13T10:00:46.797935Z","level":"info","event":"Exception received:  KafkaError{code=_TRANSPORT,val=-195,str=\"localhost:9092/1: Connect to ipv4#127.0.0.1:9092 failed: Connection refused (after 0ms in state CONNECT, 1 identical error(s) suppressed)\"}","chan":"stdout","logger":"task"}
{"timestamp":"2025-06-13T10:00:47.515409Z","level":"info","event":"Exception received:  KafkaError{code=_ALL_BROKERS_DOWN,val=-187,str=\"2/2 brokers are down\"}","chan":"stdout","logger":"task"}
{"timestamp":"2025-06-13T10:00:49.064880Z","level":"info","event":"Exception received:  KafkaError{code=_ALL_BROKERS_DOWN,val=-187,str=\"2/2 brokers are down\"}","chan":"stdout","logger":"task"}
{"timestamp":"2025-06-13T10:00:50.579999Z","level":"info","event":"Exception received:  KafkaError{code=_ALL_BROKERS_DOWN,val=-187,str=\"2/2 brokers are down\"}","chan":"stdout","logger":"task"}
{"timestamp":"2025-06-13T10:00:52.071253Z","level":"info","event":"Exception received:  KafkaError{code=_ALL_BROKERS_DOWN,val=-187,str=\"2/2 brokers are down\"}","chan":"stdout","logger":"task"}
{"timestamp":"2025-06-13T10:00:53.129835Z","level":"info","event":"Exception received:  KafkaError{code=_ALL_BROKERS_DOWN,val=-187,str=\"2/2 brokers are down\"}","chan":"stdout","logger":"task"}
{"timestamp":"2025-06-13T10:00:54.527829Z","level":"info","event":"Exception received:  KafkaError{code=_ALL_BROKERS_DOWN,val=-187,str=\"2/2 brokers are down\"}","chan":"stdout","logger":"task"}
{"timestamp":"2025-06-13T10:00:54.917385Z","level":"info","event":"Exception received:  KafkaError{code=_ALL_BROKERS_DOWN,val=-187,str=\"2/2 brokers are down\"}","chan":"stdout","logger":"task"}
{"timestamp":"2025-06-13T10:00:56.252933Z","level":"info","event":"Exception received:  KafkaError{code=_ALL_BROKERS_DOWN,val=-187,str=\"2/2 brokers are down\"}","chan":"stdout","logger":"task"}
{"timestamp":"2025-06-13T10:00:57.481183Z","level":"info","event":"Exception received:  KafkaError{code=_ALL_BROKERS_DOWN,val=-187,str=\"2/2 brokers are down\"}","chan":"stdout","logger":"task"}
{"timestamp":"2025-06-13T10:00:59.143139Z","level":"info","event":"Exception received:  KafkaError{code=_ALL_BROKERS_DOWN,val=-187,str=\"2/2 brokers are down\"}","chan":"stdout","logger":"task"}
{"timestamp":"2025-06-13T10:01:00.447649Z","level":"info","event":"Exception received:  KafkaError{code=_ALL_BROKERS_DOWN,val=-187,str=\"2/2 brokers are down\"}","chan":"stdout","logger":"task"}
{"timestamp":"2025-06-13T10:01:01.108040Z","level":"info","event":"Exception received:  KafkaError{code=_ALL_BROKERS_DOWN,val=-187,str=\"2/2 brokers are down\"}","chan":"stdout","logger":"task"}
{"timestamp":"2025-06-13T10:01:02.727080Z","level":"info","event":"Exception received:  KafkaError{code=_ALL_BROKERS_DOWN,val=-187,str=\"2/2 brokers are down\"}","chan":"stdout","logger":"task"}
{"timestamp":"2025-06-13T10:01:04.165322Z","level":"info","event":"Exception received:  KafkaError{code=_ALL_BROKERS_DOWN,val=-187,str=\"2/2 brokers are down\"}","chan":"stdout","logger":"task"}
{"timestamp":"2025-06-13T10:01:05.060576Z","level":"info","event":"Exception received:  KafkaError{code=_ALL_BROKERS_DOWN,val=-187,str=\"2/2 brokers are down\"}","chan":"stdout","logger":"task"}
{"timestamp":"2025-06-13T10:01:06.611159Z","level":"info","event":"Exception received:  KafkaError{code=_ALL_BROKERS_DOWN,val=-187,str=\"2/2 brokers are down\"}","chan":"stdout","logger":"task"}
{"timestamp":"2025-06-13T10:01:08.187889Z","level":"info","event":"Exception received:  KafkaError{code=_ALL_BROKERS_DOWN,val=-187,str=\"2/2 brokers are down\"}","chan":"stdout","logger":"task"}
{"timestamp":"2025-06-13T10:01:09.038419Z","level":"info","event":"Exception received:  KafkaError{code=_ALL_BROKERS_DOWN,val=-187,str=\"2/2 brokers are down\"}","chan":"stdout","logger":"task"}
{"timestamp":"2025-06-13T10:01:10.244431Z","level":"info","event":"Exception received:  KafkaError{code=_ALL_BROKERS_DOWN,val=-187,str=\"2/2 brokers are down\"}","chan":"stdout","logger":"task"}
{"timestamp":"2025-06-13T10:01:12.107473Z","level":"info","event":"Exception received:  KafkaError{code=_ALL_BROKERS_DOWN,val=-187,str=\"2/2 brokers are down\"}","chan":"stdout","logger":"task"}
{"timestamp":"2025-06-13T10:01:13.026828Z","level":"info","event":"Exception received:  KafkaError{code=_ALL_BROKERS_DOWN,val=-187,str=\"2/2 brokers are down\"}","chan":"stdout","logger":"task"}
{"timestamp":"2025-06-13T10:05:12.296054Z","level":"info","event":"Exception received:  KafkaError{code=_ALL_BROKERS_DOWN,val=-187,str=\"2/2 brokers are down\"}","chan":"stdout","logger":"task"}
{"timestamp":"2025-06-13T10:05:12.411635Z","level":"info","event":"Exception received:  KafkaError{code=_ALL_BROKERS_DOWN,val=-187,str=\"2/2 brokers are down\"}","chan":"stdout","logger":"task"}
{"timestamp":"2025-06-13T10:05:13.357553Z","level":"info","event":"Exception received:  KafkaError{code=_ALL_BROKERS_DOWN,val=-187,str=\"2/2 brokers are down\"}","chan":"stdout","logger":"task"}
{"timestamp":"2025-06-13T10:05:14.573441Z","level":"info","event":"Exception received:  KafkaError{code=_ALL_BROKERS_DOWN,val=-187,str=\"2/2 brokers are down\"}","chan":"stdout","logger":"task"}
{"timestamp":"2025-06-13T10:05:15.136188Z","level":"error","event":"%3|1749809115.135|FAIL|rdkafka#consumer-1| [thrd:localhost:9092/1]: localhost:9092/1: Connect to ipv4#127.0.0.1:9092 failed: Connection refused (after 0ms in state CONNECT, 185 identical error(s) suppressed)","chan":"stderr","logger":"task"}
{"timestamp":"2025-06-13T10:05:15.136565Z","level":"info","event":"Exception received:  KafkaError{code=_TRANSPORT,val=-195,str=\"localhost:9092/1: Connect to ipv4#127.0.0.1:9092 failed: Connection refused (after 0ms in state CONNECT, 185 identical error(s) suppressed)\"}","chan":"stdout","logger":"task"}
{"timestamp":"2025-06-13T10:05:15.665776Z","level":"info","event":"Exception received:  KafkaError{code=_ALL_BROKERS_DOWN,val=-187,str=\"2/2 brokers are down\"}","chan":"stdout","logger":"task"}
{"timestamp":"2025-06-13T10:05:15.719867Z","level":"info","event":"Exception received:  KafkaError{code=_ALL_BROKERS_DOWN,val=-187,str=\"2/2 brokers are down\"}","chan":"stdout","logger":"task"}
{"timestamp":"2025-06-13T10:05:17.931846Z","level":"info","event":"Exception received:  KafkaError{code=_ALL_BROKERS_DOWN,val=-187,str=\"2/2 brokers are down\"}","chan":"stdout","logger":"task"}
{"timestamp":"2025-06-13T10:05:19.273956Z","level":"info","event":"Exception received:  KafkaError{code=_ALL_BROKERS_DOWN,val=-187,str=\"2/2 brokers are down\"}","chan":"stdout","logger":"task"}
{"timestamp":"2025-06-13T10:05:20.490660Z","level":"info","event":"Exception received:  KafkaError{code=_ALL_BROKERS_DOWN,val=-187,str=\"2/2 brokers are down\"}","chan":"stdout","logger":"task"}
{"timestamp":"2025-06-13T10:05:21.825070Z","level":"info","event":"Exception received:  KafkaError{code=_ALL_BROKERS_DOWN,val=-187,str=\"2/2 brokers are down\"}","chan":"stdout","logger":"task"}
{"timestamp":"2025-06-13T10:05:23.215813Z","level":"info","event":"Exception received:  KafkaError{code=_ALL_BROKERS_DOWN,val=-187,str=\"2/2 brokers are down\"}","chan":"stdout","logger":"task"}
{"timestamp":"2025-06-13T10:05:24.556197Z","level":"info","event":"Exception received:  KafkaError{code=_ALL_BROKERS_DOWN,val=-187,str=\"2/2 brokers are down\"}","chan":"stdout","logger":"task"}
{"timestamp":"2025-06-13T10:05:25.939139Z","level":"info","event":"Exception received:  KafkaError{code=_ALL_BROKERS_DOWN,val=-187,str=\"2/2 brokers are down\"}","chan":"stdout","logger":"task"}
{"timestamp":"2025-06-13T10:05:27.317500Z","level":"info","event":"Exception received:  KafkaError{code=_ALL_BROKERS_DOWN,val=-187,str=\"2/2 brokers are down\"}","chan":"stdout","logger":"task"}
{"timestamp":"2025-06-13T10:05:30.000309Z","level":"info","event":"Exception received:  KafkaError{code=_ALL_BROKERS_DOWN,val=-187,str=\"2/2 brokers are down\"}","chan":"stdout","logger":"task"}
{"timestamp":"2025-06-13T10:05:31.218955Z","level":"info","event":"Exception received:  KafkaError{code=_ALL_BROKERS_DOWN,val=-187,str=\"2/2 brokers are down\"}","chan":"stdout","logger":"task"}
{"timestamp":"2025-06-13T10:05:32.448723Z","level":"info","event":"Exception received:  KafkaError{code=_ALL_BROKERS_DOWN,val=-187,str=\"2/2 brokers are down\"}","chan":"stdout","logger":"task"}
{"timestamp":"2025-06-13T10:05:32.477739Z","level":"info","event":"Exception received:  KafkaError{code=_ALL_BROKERS_DOWN,val=-187,str=\"2/2 brokers are down\"}","chan":"stdout","logger":"task"}
{"timestamp":"2025-06-13T10:05:33.326861Z","level":"info","event":"Exception received:  KafkaError{code=_ALL_BROKERS_DOWN,val=-187,str=\"2/2 brokers are down\"}","chan":"stdout","logger":"task"}
{"timestamp":"2025-06-13T10:05:33.376749Z","level":"info","event":"Exception received:  KafkaError{code=_ALL_BROKERS_DOWN,val=-187,str=\"2/2 brokers are down\"}","chan":"stdout","logger":"task"}
{"timestamp":"2025-06-13T10:05:35.231782Z","level":"info","event":"Exception received:  KafkaError{code=_ALL_BROKERS_DOWN,val=-187,str=\"2/2 brokers are down\"}","chan":"stdout","logger":"task"}
{"timestamp":"2025-06-13T10:05:38.473055Z","level":"info","event":"Exception received:  KafkaError{code=_ALL_BROKERS_DOWN,val=-187,str=\"2/2 brokers are down\"}","chan":"stdout","logger":"task"}
{"timestamp":"2025-06-13T10:05:38.505187Z","level":"info","event":"Exception received:  KafkaError{code=_ALL_BROKERS_DOWN,val=-187,str=\"2/2 brokers are down\"}","chan":"stdout","logger":"task"}
{"timestamp":"2025-06-13T10:05:39.240971Z","level":"info","event":"Exception received:  KafkaError{code=_ALL_BROKERS_DOWN,val=-187,str=\"2/2 brokers are down\"}","chan":"stdout","logger":"task"}
{"timestamp":"2025-06-13T10:05:40.877410Z","level":"info","event":"Exception received:  KafkaError{code=_ALL_BROKERS_DOWN,val=-187,str=\"2/2 brokers are down\"}","chan":"stdout","logger":"task"}
{"timestamp":"2025-06-13T10:07:42.180706Z","level":"info","event":"Exception received:  KafkaError{code=_ALL_BROKERS_DOWN,val=-187,str=\"2/2 brokers are down\"}","chan":"stdout","logger":"task"}
{"timestamp":"2025-06-13T10:07:43.137700Z","level":"info","event":"Exception received:  KafkaError{code=_ALL_BROKERS_DOWN,val=-187,str=\"2/2 brokers are down\"}","chan":"stdout","logger":"task"}
{"timestamp":"2025-06-13T10:07:43.764780","level":"info","event":"Reached end of log. Exiting.","logger":"airflow.task.operators.airflow.providers.apache.kafka.operators.consume.ConsumeFromTopicOperator"}
{"timestamp":"2025-06-13T10:07:43.766154","level":"info","event":"committing offset at end_of_operator","logger":"airflow.task.operators.airflow.providers.apache.kafka.operators.consume.ConsumeFromTopicOperator"}
