{"timestamp":"2025-06-13T12:33:26.347568","level":"info","event":"DAG bundles loaded: dags-folder","logger":"airflow.dag_processing.bundles.manager.DagBundlesManager"}
{"timestamp":"2025-06-13T12:33:26.348773","level":"info","event":"Filling up the DagBag from /opt/airflow/dags/dag.py","logger":"airflow.models.dagbag.DagBag"}
{"timestamp":"2025-06-13T12:33:26.473903","level":"info","event":"Secrets backends loaded for worker","count":1,"backend_classes":["EnvironmentVariablesBackend"],"logger":"supervisor"}
{"timestamp":"2025-06-13T12:33:29.420200","level":"info","event":"Connection Retrieved 'TEST'","logger":"airflow.hooks.base"}
{"timestamp":"2025-06-13T12:34:29.473460","level":"info","event":"Kafka Msg: b'1686715200000' - b'{\"open\": 183.37, \"close\": 183.95, \"low\": 182.02, \"high\": 184.39, \"volume\": 57462782.0, \"vwap\": 183.7101, \"timestamp\": 1686715200000, \"transactions\": 614097}'","logger":"airflow"}
{"timestamp":"2025-06-13T12:34:29.474312","level":"info","event":"Kafka Msg: b'1686801600000' - b'{\"open\": 183.96, \"close\": 186.01, \"low\": 183.78, \"high\": 186.52, \"volume\": 65433166.0, \"vwap\": 185.5672, \"timestamp\": 1686801600000, \"transactions\": 697003}'","logger":"airflow"}
{"timestamp":"2025-06-13T12:34:29.474412","level":"info","event":"Kafka Msg: b'1686888000000' - b'{\"open\": 186.73, \"close\": 184.92, \"low\": 184.27, \"high\": 186.99, \"volume\": 101151225.0, \"vwap\": 185.4644, \"timestamp\": 1686888000000, \"transactions\": 616272}'","logger":"airflow"}
{"timestamp":"2025-06-13T12:34:29.474536","level":"info","event":"Kafka Msg: b'1687233600000' - b'{\"open\": 184.41, \"close\": 185.01, \"low\": 184.41, \"high\": 186.1, \"volume\": 49799092.0, \"vwap\": 185.2709, \"timestamp\": 1687233600000, \"transactions\": 577495}'","logger":"airflow"}
{"timestamp":"2025-06-13T12:34:29.474611","level":"info","event":"Kafka Msg: b'1687320000000' - b'{\"open\": 184.9, \"close\": 183.96, \"low\": 182.5901, \"high\": 185.41, \"volume\": 49515697.0, \"vwap\": 184.0809, \"timestamp\": 1687320000000, \"transactions\": 520855}'","logger":"airflow"}
{"timestamp":"2025-06-13T12:34:29.474669","level":"info","event":"Kafka Msg: b'1687406400000' - b'{\"open\": 183.74, \"close\": 187, \"low\": 183.67, \"high\": 187.045, \"volume\": 51245327.0, \"vwap\": 186.1166, \"timestamp\": 1687406400000, \"transactions\": 563076}'","logger":"airflow"}
{"timestamp":"2025-06-13T12:34:29.474732","level":"info","event":"Kafka Msg: b'1687492800000' - b'{\"open\": 185.55, \"close\": 186.68, \"low\": 185.01, \"high\": 187.56, \"volume\": 53112346.0, \"vwap\": 186.4952, \"timestamp\": 1687492800000, \"transactions\": 539704}'","logger":"airflow"}
{"timestamp":"2025-06-13T12:34:29.474812","level":"info","event":"Kafka Msg: b'1687752000000' - b'{\"open\": 186.83, \"close\": 185.27, \"low\": 185.23, \"high\": 188.05, \"volume\": 48088661.0, \"vwap\": 186.3292, \"timestamp\": 1687752000000, \"transactions\": 584497}'","logger":"airflow"}
{"timestamp":"2025-06-13T12:34:29.474893","level":"info","event":"Kafka Msg: b'1687838400000' - b'{\"open\": 185.89, \"close\": 188.06, \"low\": 185.67, \"high\": 188.39, \"volume\": 50730846.0, \"vwap\": 187.4998, \"timestamp\": 1687838400000, \"transactions\": 511866}'","logger":"airflow"}
{"timestamp":"2025-06-13T12:34:29.474931","level":"info","event":"Kafka Msg: b'1687924800000' - b'{\"open\": 187.93, \"close\": 189.25, \"low\": 187.6, \"high\": 189.9, \"volume\": 51216801.0, \"vwap\": 188.8916, \"timestamp\": 1687924800000, \"transactions\": 559145}'","logger":"airflow"}
{"timestamp":"2025-06-13T12:34:29.474967","level":"info","event":"Kafka Msg: b'1688011200000' - b'{\"open\": 189.08, \"close\": 189.59, \"low\": 188.94, \"high\": 190.07, \"volume\": 46347308.0, \"vwap\": 189.5561, \"timestamp\": 1688011200000, \"transactions\": 525367}'","logger":"airflow"}
{"timestamp":"2025-06-13T12:34:29.475023","level":"info","event":"Kafka Msg: b'1688097600000' - b'{\"open\": 191.63, \"close\": 193.97, \"low\": 191.26, \"high\": 194.48, \"volume\": 85068452.0, \"vwap\": 193.102, \"timestamp\": 1688097600000, \"transactions\": 774380}'","logger":"airflow"}
{"timestamp":"2025-06-13T12:34:29.475074","level":"info","event":"Kafka Msg: b'1688356800000' - b'{\"open\": 193.78, \"close\": 192.46, \"low\": 191.76, \"high\": 193.88, \"volume\": 31458198.0, \"vwap\": 192.6624, \"timestamp\": 1688356800000, \"transactions\": 500175}'","logger":"airflow"}
{"timestamp":"2025-06-13T12:34:29.475127","level":"info","event":"Kafka Msg: b'1688529600000' - b'{\"open\": 191.565, \"close\": 191.33, \"low\": 190.62, \"high\": 192.98, \"volume\": 46896861.0, \"vwap\": 191.5803, \"timestamp\": 1688529600000, \"transactions\": 560170}'","logger":"airflow"}
{"timestamp":"2025-06-13T12:34:29.475257","level":"info","event":"Kafka Msg: b'1688616000000' - b'{\"open\": 189.84, \"close\": 191.81, \"low\": 189.2, \"high\": 192.02, \"volume\": 45155523.0, \"vwap\": 190.8214, \"timestamp\": 1688616000000, \"transactions\": 562755}'","logger":"airflow"}
{"timestamp":"2025-06-13T12:34:29.475322","level":"info","event":"Kafka Msg: b'1688702400000' - b'{\"open\": 191.41, \"close\": 190.68, \"low\": 190.24, \"high\": 192.67, \"volume\": 46757498.0, \"vwap\": 191.4218, \"timestamp\": 1688702400000, \"transactions\": 538826}'","logger":"airflow"}
{"timestamp":"2025-06-13T12:34:29.475383","level":"info","event":"Kafka Msg: b'1688961600000' - b'{\"open\": 189.26, \"close\": 188.61, \"low\": 187.035, \"high\": 189.99, \"volume\": 59912163.0, \"vwap\": 188.3628, \"timestamp\": 1688961600000, \"transactions\": 736912}'","logger":"airflow"}
{"timestamp":"2025-06-13T12:34:29.475447","level":"info","event":"Kafka Msg: b'1689048000000' - b'{\"open\": 189.16, \"close\": 188.08, \"low\": 186.6, \"high\": 189.3, \"volume\": 46638119.0, \"vwap\": 187.8219, \"timestamp\": 1689048000000, \"transactions\": 577717}'","logger":"airflow"}
{"timestamp":"2025-06-13T12:34:29.475492","level":"info","event":"Kafka Msg: b'1689134400000' - b'{\"open\": 189.68, \"close\": 189.77, \"low\": 188.47, \"high\": 191.7, \"volume\": 60750218.0, \"vwap\": 189.9586, \"timestamp\": 1689134400000, \"transactions\": 652126}'","logger":"airflow"}
{"timestamp":"2025-06-13T12:34:29.475533","level":"info","event":"Kafka Msg: b'1689220800000' - b'{\"open\": 190.5, \"close\": 190.54, \"low\": 189.78, \"high\": 191.19, \"volume\": 41337338.0, \"vwap\": 190.565, \"timestamp\": 1689220800000, \"transactions\": 467952}'","logger":"airflow"}
{"timestamp":"2025-06-13T12:34:29.475582","level":"info","event":"Kafka Msg: b'1689307200000' - b'{\"open\": 190.23, \"close\": 190.69, \"low\": 189.63, \"high\": 191.1799, \"volume\": 41616242.0, \"vwap\": 190.4662, \"timestamp\": 1689307200000, \"transactions\": 513233}'","logger":"airflow"}
{"timestamp":"2025-06-13T12:34:29.475640","level":"info","event":"Kafka Msg: b'1689566400000' - b'{\"open\": 191.9, \"close\": 193.99, \"low\": 191.81, \"high\": 194.32, \"volume\": 50520159.0, \"vwap\": 193.2997, \"timestamp\": 1689566400000, \"transactions\": 602852}'","logger":"airflow"}
{"timestamp":"2025-06-13T12:34:29.475712","level":"info","event":"Kafka Msg: b'1689652800000' - b'{\"open\": 193.35, \"close\": 193.73, \"low\": 192.415, \"high\": 194.33, \"volume\": 48153774.0, \"vwap\": 193.3846, \"timestamp\": 1689652800000, \"transactions\": 544605}'","logger":"airflow"}
{"timestamp":"2025-06-13T12:34:29.475761","level":"info","event":"Kafka Msg: b'1689739200000' - b'{\"open\": 193.1, \"close\": 195.1, \"low\": 192.65, \"high\": 198.23, \"volume\": 80492323.0, \"vwap\": 194.9188, \"timestamp\": 1689739200000, \"transactions\": 776766}'","logger":"airflow"}
{"timestamp":"2025-06-13T12:34:29.475880","level":"info","event":"Kafka Msg: b'1689825600000' - b'{\"open\": 195.09, \"close\": 193.13, \"low\": 192.495, \"high\": 196.47, \"volume\": 59581196.0, \"vwap\": 194.276, \"timestamp\": 1689825600000, \"transactions\": 639817}'","logger":"airflow"}
{"timestamp":"2025-06-13T12:34:29.475912","level":"info","event":"Kafka Msg: b'1689912000000' - b'{\"open\": 194.1, \"close\": 191.94, \"low\": 191.23, \"high\": 194.97, \"volume\": 71451683.0, \"vwap\": 192.5948, \"timestamp\": 1689912000000, \"transactions\": 580360}'","logger":"airflow"}
{"timestamp":"2025-06-13T12:34:29.475937","level":"info","event":"Kafka Msg: b'1690171200000' - b'{\"open\": 193.41, \"close\": 192.75, \"low\": 192.25, \"high\": 194.91, \"volume\": 45345097.0, \"vwap\": 193.2018, \"timestamp\": 1690171200000, \"transactions\": 525853}'","logger":"airflow"}
{"timestamp":"2025-06-13T12:34:29.475962","level":"info","event":"Kafka Msg: b'1690257600000' - b'{\"open\": 193.33, \"close\": 193.62, \"low\": 192.915, \"high\": 194.44, \"volume\": 37283201.0, \"vwap\": 193.804, \"timestamp\": 1690257600000, \"transactions\": 445394}'","logger":"airflow"}
{"timestamp":"2025-06-13T12:34:29.476232","level":"info","event":"Kafka Msg: b'1690344000000' - b'{\"open\": 193.67, \"close\": 194.5, \"low\": 193.32, \"high\": 195.64, \"volume\": 47471868.0, \"vwap\": 194.3737, \"timestamp\": 1690344000000, \"transactions\": 502309}'","logger":"airflow"}
{"timestamp":"2025-06-13T12:34:29.476340","level":"info","event":"Kafka Msg: b'1690430400000' - b'{\"open\": 196.02, \"close\": 193.22, \"low\": 192.55, \"high\": 197.2, \"volume\": 47439680.0, \"vwap\": 194.8773, \"timestamp\": 1690430400000, \"transactions\": 570472}'","logger":"airflow"}
{"timestamp":"2025-06-13T12:34:29.476439","level":"info","event":"Kafka Msg: b'1690516800000' - b'{\"open\": 194.67, \"close\": 195.83, \"low\": 194.14, \"high\": 196.626, \"volume\": 47691443.0, \"vwap\": 195.8075, \"timestamp\": 1690516800000, \"transactions\": 519151}'","logger":"airflow"}
{"timestamp":"2025-06-13T12:34:29.476505","level":"info","event":"Kafka Msg: b'1690776000000' - b'{\"open\": 196.06, \"close\": 196.45, \"low\": 195.26, \"high\": 196.49, \"volume\": 38824113.0, \"vwap\": 196.1507, \"timestamp\": 1690776000000, \"transactions\": 530506}'","logger":"airflow"}
{"timestamp":"2025-06-13T12:34:29.476558","level":"info","event":"Kafka Msg: b'1690862400000' - b'{\"open\": 196.235, \"close\": 195.605, \"low\": 195.28, \"high\": 196.73, \"volume\": 35281426.0, \"vwap\": 195.8486, \"timestamp\": 1690862400000, \"transactions\": 477616}'","logger":"airflow"}
{"timestamp":"2025-06-13T12:34:29.476600","level":"info","event":"Kafka Msg: b'1690948800000' - b'{\"open\": 195.04, \"close\": 192.58, \"low\": 191.8507, \"high\": 195.18, \"volume\": 50388811.0, \"vwap\": 192.9395, \"timestamp\": 1690948800000, \"transactions\": 620582}'","logger":"airflow"}
{"timestamp":"2025-06-13T12:34:29.476665","level":"info","event":"Kafka Msg: b'1691035200000' - b'{\"open\": 191.57, \"close\": 191.17, \"low\": 190.69, \"high\": 192.37, \"volume\": 62243282.0, \"vwap\": 191.1312, \"timestamp\": 1691035200000, \"transactions\": 754703}'","logger":"airflow"}
{"timestamp":"2025-06-13T12:34:29.476722","level":"info","event":"Kafka Msg: b'1691121600000' - b'{\"open\": 185.52, \"close\": 181.99, \"low\": 181.92, \"high\": 187.38, \"volume\": 115956841.0, \"vwap\": 184.279, \"timestamp\": 1691121600000, \"transactions\": 1336765}'","logger":"airflow"}
{"timestamp":"2025-06-13T12:34:29.476802","level":"info","event":"Kafka Msg: b'1691380800000' - b'{\"open\": 182.13, \"close\": 178.85, \"low\": 177.35, \"high\": 183.13, \"volume\": 97105069.0, \"vwap\": 179.0119, \"timestamp\": 1691380800000, \"transactions\": 1159281}'","logger":"airflow"}
{"timestamp":"2025-06-13T12:34:29.476856","level":"info","event":"Kafka Msg: b'1691467200000' - b'{\"open\": 179.69, \"close\": 179.8, \"low\": 177.58, \"high\": 180.27, \"volume\": 67769003.0, \"vwap\": 178.9854, \"timestamp\": 1691467200000, \"transactions\": 709019}'","logger":"airflow"}
{"timestamp":"2025-06-13T12:34:29.476911","level":"info","event":"Kafka Msg: b'1691553600000' - b'{\"open\": 180.87, \"close\": 178.19, \"low\": 177.01, \"high\": 180.93, \"volume\": 60303492.0, \"vwap\": 178.4887, \"timestamp\": 1691553600000, \"transactions\": 666112}'","logger":"airflow"}
{"timestamp":"2025-06-13T12:34:29.476960","level":"info","event":"Kafka Msg: b'1691640000000' - b'{\"open\": 179.48, \"close\": 177.97, \"low\": 177.6, \"high\": 180.75, \"volume\": 54686851.0, \"vwap\": 178.7951, \"timestamp\": 1691640000000, \"transactions\": 652995}'","logger":"airflow"}
{"timestamp":"2025-06-13T12:34:29.477063","level":"info","event":"Kafka Msg: b'1691726400000' - b'{\"open\": 177.32, \"close\": 177.79, \"low\": 176.55, \"high\": 178.62, \"volume\": 51036672.0, \"vwap\": 177.8056, \"timestamp\": 1691726400000, \"transactions\": 586481}'","logger":"airflow"}
{"timestamp":"2025-06-13T12:34:29.477127","level":"info","event":"Kafka Msg: b'1691985600000' - b'{\"open\": 177.97, \"close\": 179.46, \"low\": 177.305, \"high\": 179.69, \"volume\": 43675627.0, \"vwap\": 178.9475, \"timestamp\": 1691985600000, \"transactions\": 564982}'","logger":"airflow"}
{"timestamp":"2025-06-13T12:34:29.477160","level":"info","event":"Kafka Msg: b'1692072000000' - b'{\"open\": 178.88, \"close\": 177.45, \"low\": 177.05, \"high\": 179.48, \"volume\": 43574863.0, \"vwap\": 177.9886, \"timestamp\": 1692072000000, \"transactions\": 510071}'","logger":"airflow"}
{"timestamp":"2025-06-13T12:34:29.477185","level":"info","event":"Kafka Msg: b'1692158400000' - b'{\"open\": 177.13, \"close\": 176.57, \"low\": 176.5, \"high\": 178.54, \"volume\": 45712957.0, \"vwap\": 177.4133, \"timestamp\": 1692158400000, \"transactions\": 526074}'","logger":"airflow"}
{"timestamp":"2025-06-13T12:34:29.477210","level":"info","event":"Kafka Msg: b'1692244800000' - b'{\"open\": 177.14, \"close\": 174, \"low\": 173.48, \"high\": 177.5054, \"volume\": 66054482.0, \"vwap\": 174.5857, \"timestamp\": 1692244800000, \"transactions\": 673083}'","logger":"airflow"}
{"timestamp":"2025-06-13T12:34:29.477235","level":"info","event":"Kafka Msg: b'1692331200000' - b'{\"open\": 172.3, \"close\": 174.49, \"low\": 171.96, \"high\": 175.1, \"volume\": 60171878.0, \"vwap\": 173.8904, \"timestamp\": 1692331200000, \"transactions\": 596474}'","logger":"airflow"}
{"timestamp":"2025-06-13T12:34:29.477292","level":"info","event":"Kafka Msg: b'1692590400000' - b'{\"open\": 175.07, \"close\": 175.84, \"low\": 173.735, \"high\": 176.13, \"volume\": 46161959.0, \"vwap\": 175.2221, \"timestamp\": 1692590400000, \"transactions\": 559658}'","logger":"airflow"}
{"timestamp":"2025-06-13T12:34:29.477400","level":"info","event":"Kafka Msg: b'1692676800000' - b'{\"open\": 177.06, \"close\": 177.23, \"low\": 176.25, \"high\": 177.68, \"volume\": 42057245.0, \"vwap\": 177.0098, \"timestamp\": 1692676800000, \"transactions\": 501508}'","logger":"airflow"}
{"timestamp":"2025-06-13T12:34:29.477523","level":"info","event":"Kafka Msg: b'1692763200000' - b'{\"open\": 178.52, \"close\": 181.12, \"low\": 178.325, \"high\": 181.55, \"volume\": 52722752.0, \"vwap\": 180.6482, \"timestamp\": 1692763200000, \"transactions\": 587165}'","logger":"airflow"}
{"timestamp":"2025-06-13T12:34:29.477603","level":"info","event":"Kafka Msg: b'1692849600000' - b'{\"open\": 180.674, \"close\": 176.38, \"low\": 176.01, \"high\": 181.104, \"volume\": 54912798.0, \"vwap\": 177.7035, \"timestamp\": 1692849600000, \"transactions\": 610377}'","logger":"airflow"}
{"timestamp":"2025-06-13T12:34:29.477670","level":"info","event":"Kafka Msg: b'1692936000000' - b'{\"open\": 177.38, \"close\": 178.61, \"low\": 175.82, \"high\": 179.15, \"volume\": 51439994.0, \"vwap\": 177.9075, \"timestamp\": 1692936000000, \"transactions\": 554789}'","logger":"airflow"}
{"timestamp":"2025-06-13T12:34:29.477729","level":"info","event":"Kafka Msg: b'1693195200000' - b'{\"open\": 180.09, \"close\": 180.19, \"low\": 178.545, \"high\": 180.59, \"volume\": 43803238.0, \"vwap\": 179.6595, \"timestamp\": 1693195200000, \"transactions\": 532485}'","logger":"airflow"}
{"timestamp":"2025-06-13T12:34:29.477872","level":"info","event":"Kafka Msg: b'1693281600000' - b'{\"open\": 179.695, \"close\": 184.12, \"low\": 179.5, \"high\": 184.9, \"volume\": 52953948.0, \"vwap\": 183.28, \"timestamp\": 1693281600000, \"transactions\": 576465}'","logger":"airflow"}
{"timestamp":"2025-06-13T12:34:29.477934","level":"info","event":"Kafka Msg: b'1693368000000' - b'{\"open\": 184.94, \"close\": 187.65, \"low\": 184.74, \"high\": 187.85, \"volume\": 60803988.0, \"vwap\": 186.93, \"timestamp\": 1693368000000, \"transactions\": 636448}'","logger":"airflow"}
{"timestamp":"2025-06-13T12:34:29.478007","level":"info","event":"Kafka Msg: b'1693454400000' - b'{\"open\": 187.84, \"close\": 187.87, \"low\": 187.48, \"high\": 189.12, \"volume\": 60794467.0, \"vwap\": 188.1489, \"timestamp\": 1693454400000, \"transactions\": 554869}'","logger":"airflow"}
{"timestamp":"2025-06-13T12:34:29.478075","level":"info","event":"Kafka Msg: b'1693540800000' - b'{\"open\": 189.485, \"close\": 189.46, \"low\": 188.28, \"high\": 189.92, \"volume\": 45393903.0, \"vwap\": 189.0424, \"timestamp\": 1693540800000, \"transactions\": 530273}'","logger":"airflow"}
{"timestamp":"2025-06-13T12:34:29.478155","level":"info","event":"Kafka Msg: b'1693886400000' - b'{\"open\": 188.28, \"close\": 189.7, \"low\": 187.61, \"high\": 189.98, \"volume\": 45280027.0, \"vwap\": 189.1084, \"timestamp\": 1693886400000, \"transactions\": 602458}'","logger":"airflow"}
{"timestamp":"2025-06-13T12:34:29.478301","level":"info","event":"Kafka Msg: b'1693972800000' - b'{\"open\": 188.4, \"close\": 182.91, \"low\": 181.47, \"high\": 188.85, \"volume\": 81753366.0, \"vwap\": 183.786, \"timestamp\": 1693972800000, \"transactions\": 880106}'","logger":"airflow"}
{"timestamp":"2025-06-13T12:34:29.478440","level":"info","event":"Kafka Msg: b'1694059200000' - b'{\"open\": 175.18, \"close\": 177.56, \"low\": 173.54, \"high\": 178.21, \"volume\": 112416703.0, \"vwap\": 176.7332, \"timestamp\": 1694059200000, \"transactions\": 1210080}'","logger":"airflow"}
{"timestamp":"2025-06-13T12:34:29.478509","level":"info","event":"Kafka Msg: b'1694145600000' - b'{\"open\": 178.35, \"close\": 178.18, \"low\": 177.79, \"high\": 180.239, \"volume\": 65402066.0, \"vwap\": 179.0663, \"timestamp\": 1694145600000, \"transactions\": 755389}'","logger":"airflow"}
{"timestamp":"2025-06-13T12:34:29.478607","level":"info","event":"Kafka Msg: b'1694404800000' - b'{\"open\": 180.07, \"close\": 179.36, \"low\": 177.34, \"high\": 180.3, \"volume\": 58953052.0, \"vwap\": 178.8465, \"timestamp\": 1694404800000, \"transactions\": 722430}'","logger":"airflow"}
{"timestamp":"2025-06-13T12:34:29.478684","level":"info","event":"Kafka Msg: b'1694491200000' - b'{\"open\": 179.49, \"close\": 176.3, \"low\": 174.82, \"high\": 180.13, \"volume\": 90316192.0, \"vwap\": 176.7048, \"timestamp\": 1694491200000, \"transactions\": 937419}'","logger":"airflow"}
{"timestamp":"2025-06-13T12:34:29.478734","level":"info","event":"Kafka Msg: b'1694577600000' - b'{\"open\": 176.51, \"close\": 174.21, \"low\": 173.98, \"high\": 177.3, \"volume\": 84267928.0, \"vwap\": 175.0352, \"timestamp\": 1694577600000, \"transactions\": 835150}'","logger":"airflow"}
{"timestamp":"2025-06-13T12:34:29.478808","level":"info","event":"Kafka Msg: b'1694664000000' - b'{\"open\": 174, \"close\": 175.74, \"low\": 173.58, \"high\": 176.1, \"volume\": 60345757.0, \"vwap\": 175.3715, \"timestamp\": 1694664000000, \"transactions\": 641017}'","logger":"airflow"}
{"timestamp":"2025-06-13T12:34:29.478907","level":"info","event":"Kafka Msg: b'1694750400000' - b'{\"open\": 176.48, \"close\": 175.01, \"low\": 173.82, \"high\": 176.495, \"volume\": 109259461.0, \"vwap\": 175.0843, \"timestamp\": 1694750400000, \"transactions\": 729794}'","logger":"airflow"}
{"timestamp":"2025-06-13T12:34:29.478954","level":"info","event":"Kafka Msg: b'1695009600000' - b'{\"open\": 176.48, \"close\": 177.97, \"low\": 176.17, \"high\": 179.38, \"volume\": 67257573.0, \"vwap\": 177.8915, \"timestamp\": 1695009600000, \"transactions\": 731278}'","logger":"airflow"}
{"timestamp":"2025-06-13T12:34:29.479253","level":"info","event":"Kafka Msg: b'1695096000000' - b'{\"open\": 177.52, \"close\": 179.07, \"low\": 177.13, \"high\": 179.63, \"volume\": 51826941.0, \"vwap\": 178.4293, \"timestamp\": 1695096000000, \"transactions\": 524402}'","logger":"airflow"}
{"timestamp":"2025-06-13T12:34:29.479307","level":"info","event":"Kafka Msg: b'1695182400000' - b'{\"open\": 179.26, \"close\": 175.49, \"low\": 175.4, \"high\": 179.695, \"volume\": 58436181.0, \"vwap\": 176.9653, \"timestamp\": 1695182400000, \"transactions\": 600225}'","logger":"airflow"}
{"timestamp":"2025-06-13T12:34:29.479397","level":"info","event":"Kafka Msg: b'1695268800000' - b'{\"open\": 174.55, \"close\": 173.93, \"low\": 173.86, \"high\": 176.3, \"volume\": 62449116.0, \"vwap\": 174.8619, \"timestamp\": 1695268800000, \"transactions\": 631478}'","logger":"airflow"}
{"timestamp":"2025-06-13T12:34:29.479463","level":"info","event":"Kafka Msg: b'1695355200000' - b'{\"open\": 174.67, \"close\": 174.79, \"low\": 174.05, \"high\": 177.079, \"volume\": 56688985.0, \"vwap\": 175.4667, \"timestamp\": 1695355200000, \"transactions\": 606168}'","logger":"airflow"}
{"timestamp":"2025-06-13T12:34:29.479529","level":"info","event":"Kafka Msg: b'1695614400000' - b'{\"open\": 174.2, \"close\": 176.08, \"low\": 174.15, \"high\": 176.97, \"volume\": 46172740.0, \"vwap\": 175.6665, \"timestamp\": 1695614400000, \"transactions\": 564218}'","logger":"airflow"}
{"timestamp":"2025-06-13T12:34:29.479580","level":"info","event":"Kafka Msg: b'1695700800000' - b'{\"open\": 174.82, \"close\": 171.96, \"low\": 171.66, \"high\": 175.2, \"volume\": 64548945.0, \"vwap\": 172.7156, \"timestamp\": 1695700800000, \"transactions\": 688340}'","logger":"airflow"}
{"timestamp":"2025-06-13T12:34:29.479654","level":"info","event":"Kafka Msg: b'1695787200000' - b'{\"open\": 172.62, \"close\": 170.43, \"low\": 169.05, \"high\": 173.04, \"volume\": 66920708.0, \"vwap\": 170.5335, \"timestamp\": 1695787200000, \"transactions\": 707850}'","logger":"airflow"}
{"timestamp":"2025-06-13T12:34:29.479699","level":"info","event":"Kafka Msg: b'1695873600000' - b'{\"open\": 169.34, \"close\": 170.69, \"low\": 167.62, \"high\": 172.03, \"volume\": 56294419.0, \"vwap\": 170.297, \"timestamp\": 1695873600000, \"transactions\": 618584}'","logger":"airflow"}
{"timestamp":"2025-06-13T12:34:29.479745","level":"info","event":"Kafka Msg: b'1695960000000' - b'{\"open\": 172.02, \"close\": 171.21, \"low\": 170.341, \"high\": 173.07, \"volume\": 51861083.0, \"vwap\": 171.5997, \"timestamp\": 1695960000000, \"transactions\": 535134}'","logger":"airflow"}
{"timestamp":"2025-06-13T12:34:29.479823","level":"info","event":"Kafka Msg: b'1696219200000' - b'{\"open\": 171.22, \"close\": 173.75, \"low\": 170.93, \"high\": 174.3, \"volume\": 52156935.0, \"vwap\": 173.2879, \"timestamp\": 1696219200000, \"transactions\": 617249}'","logger":"airflow"}
{"timestamp":"2025-06-13T12:34:29.479888","level":"info","event":"Kafka Msg: b'1696305600000' - b'{\"open\": 172.255, \"close\": 172.4, \"low\": 170.82, \"high\": 173.63, \"volume\": 49594613.0, \"vwap\": 172.1342, \"timestamp\": 1696305600000, \"transactions\": 542569}'","logger":"airflow"}
{"timestamp":"2025-06-13T12:34:29.479947","level":"info","event":"Kafka Msg: b'1696392000000' - b'{\"open\": 171.09, \"close\": 173.66, \"low\": 170.97, \"high\": 174.21, \"volume\": 53006286.0, \"vwap\": 172.9437, \"timestamp\": 1696392000000, \"transactions\": 560975}'","logger":"airflow"}
{"timestamp":"2025-06-13T12:34:29.480014","level":"info","event":"Kafka Msg: b'1696478400000' - b'{\"open\": 173.79, \"close\": 174.91, \"low\": 172.68, \"high\": 175.45, \"volume\": 48527918.0, \"vwap\": 174.2297, \"timestamp\": 1696478400000, \"transactions\": 509175}'","logger":"airflow"}
{"timestamp":"2025-06-13T12:34:29.480109","level":"info","event":"Kafka Msg: b'1696564800000' - b'{\"open\": 173.8, \"close\": 177.49, \"low\": 173.18, \"high\": 177.99, \"volume\": 57266675.0, \"vwap\": 176.3366, \"timestamp\": 1696564800000, \"transactions\": 593944}'","logger":"airflow"}
{"timestamp":"2025-06-13T12:34:29.480189","level":"info","event":"Kafka Msg: b'1696824000000' - b'{\"open\": 176.81, \"close\": 178.99, \"low\": 175.8, \"high\": 179.05, \"volume\": 42344772.0, \"vwap\": 177.8683, \"timestamp\": 1696824000000, \"transactions\": 518256}'","logger":"airflow"}
{"timestamp":"2025-06-13T12:34:29.480253","level":"info","event":"Kafka Msg: b'1696910400000' - b'{\"open\": 178.1, \"close\": 178.39, \"low\": 177.95, \"high\": 179.72, \"volume\": 43698019.0, \"vwap\": 178.6901, \"timestamp\": 1696910400000, \"transactions\": 524939}'","logger":"airflow"}
{"timestamp":"2025-06-13T12:34:29.480324","level":"info","event":"Kafka Msg: b'1696996800000' - b'{\"open\": 178.2, \"close\": 179.8, \"low\": 177.6, \"high\": 179.85, \"volume\": 47544848.0, \"vwap\": 178.9503, \"timestamp\": 1696996800000, \"transactions\": 503477}'","logger":"airflow"}
{"timestamp":"2025-06-13T12:34:29.480469","level":"info","event":"Kafka Msg: b'1697083200000' - b'{\"open\": 180.07, \"close\": 180.71, \"low\": 179.04, \"high\": 182.34, \"volume\": 56743119.0, \"vwap\": 180.9482, \"timestamp\": 1697083200000, \"transactions\": 616891}'","logger":"airflow"}
{"timestamp":"2025-06-13T12:34:29.480660","level":"info","event":"Kafka Msg: b'1697169600000' - b'{\"open\": 181.42, \"close\": 178.85, \"low\": 178.14, \"high\": 181.93, \"volume\": 51412082.0, \"vwap\": 179.4154, \"timestamp\": 1697169600000, \"transactions\": 531441}'","logger":"airflow"}
{"timestamp":"2025-06-13T12:34:29.480764","level":"info","event":"Kafka Msg: b'1697428800000' - b'{\"open\": 176.75, \"close\": 178.72, \"low\": 176.51, \"high\": 179.075, \"volume\": 52516984.0, \"vwap\": 178.1478, \"timestamp\": 1697428800000, \"transactions\": 632605}'","logger":"airflow"}
{"timestamp":"2025-06-13T12:34:29.480917","level":"info","event":"Kafka Msg: b'1697515200000' - b'{\"open\": 176.645, \"close\": 177.15, \"low\": 174.8, \"high\": 178.42, \"volume\": 57549350.0, \"vwap\": 176.8623, \"timestamp\": 1697515200000, \"transactions\": 592323}'","logger":"airflow"}
{"timestamp":"2025-06-13T12:34:29.481008","level":"info","event":"Kafka Msg: b'1697601600000' - b'{\"open\": 175.58, \"close\": 175.84, \"low\": 175.11, \"high\": 177.575, \"volume\": 54764375.0, \"vwap\": 176.3501, \"timestamp\": 1697601600000, \"transactions\": 540187}'","logger":"airflow"}
{"timestamp":"2025-06-13T12:34:29.481089","level":"info","event":"Kafka Msg: b'1697688000000' - b'{\"open\": 176.04, \"close\": 175.46, \"low\": 175.19, \"high\": 177.84, \"volume\": 59192863.0, \"vwap\": 176.215, \"timestamp\": 1697688000000, \"transactions\": 560260}'","logger":"airflow"}
{"timestamp":"2025-06-13T12:34:29.481201","level":"info","event":"Kafka Msg: b'1697774400000' - b'{\"open\": 175.31, \"close\": 172.88, \"low\": 172.64, \"high\": 175.42, \"volume\": 64211828.0, \"vwap\": 173.7459, \"timestamp\": 1697774400000, \"transactions\": 600318}'","logger":"airflow"}
{"timestamp":"2025-06-13T12:34:29.481304","level":"info","event":"Kafka Msg: b'1698033600000' - b'{\"open\": 170.91, \"close\": 173, \"low\": 169.93, \"high\": 174.01, \"volume\": 55980109.0, \"vwap\": 172.3829, \"timestamp\": 1698033600000, \"transactions\": 639616}'","logger":"airflow"}
{"timestamp":"2025-06-13T12:34:29.481633","level":"info","event":"Kafka Msg: b'1698120000000' - b'{\"open\": 173.05, \"close\": 173.44, \"low\": 171.45, \"high\": 173.67, \"volume\": 43816644.0, \"vwap\": 172.7333, \"timestamp\": 1698120000000, \"transactions\": 530406}'","logger":"airflow"}
{"timestamp":"2025-06-13T12:34:29.481696","level":"info","event":"Kafka Msg: b'1698206400000' - b'{\"open\": 171.88, \"close\": 171.1, \"low\": 170.65, \"high\": 173.06, \"volume\": 57156962.0, \"vwap\": 171.4932, \"timestamp\": 1698206400000, \"transactions\": 610143}'","logger":"airflow"}
{"timestamp":"2025-06-13T12:34:29.481743","level":"info","event":"Kafka Msg: b'1698292800000' - b'{\"open\": 170.37, \"close\": 166.89, \"low\": 165.67, \"high\": 171.3775, \"volume\": 70625258.0, \"vwap\": 167.5944, \"timestamp\": 1698292800000, \"transactions\": 815217}'","logger":"airflow"}
{"timestamp":"2025-06-13T12:34:29.481773","level":"info","event":"Kafka Msg: b'1698379200000' - b'{\"open\": 166.91, \"close\": 168.22, \"low\": 166.83, \"high\": 168.96, \"volume\": 58257129.0, \"vwap\": 167.9072, \"timestamp\": 1698379200000, \"transactions\": 609511}'","logger":"airflow"}
{"timestamp":"2025-06-13T12:34:29.481841","level":"info","event":"Kafka Msg: b'1698638400000' - b'{\"open\": 169.02, \"close\": 170.29, \"low\": 168.87, \"high\": 171.17, \"volume\": 51130955.0, \"vwap\": 170.0774, \"timestamp\": 1698638400000, \"transactions\": 628253}'","logger":"airflow"}
{"timestamp":"2025-06-13T12:34:29.481892","level":"info","event":"Kafka Msg: b'1698724800000' - b'{\"open\": 169.35, \"close\": 170.77, \"low\": 167.9, \"high\": 170.9, \"volume\": 44846017.0, \"vwap\": 169.9252, \"timestamp\": 1698724800000, \"transactions\": 509879}'","logger":"airflow"}
{"timestamp":"2025-06-13T12:34:29.481951","level":"info","event":"Kafka Msg: b'1698811200000' - b'{\"open\": 171, \"close\": 173.97, \"low\": 170.12, \"high\": 174.23, \"volume\": 56934906.0, \"vwap\": 172.6187, \"timestamp\": 1698811200000, \"transactions\": 633476}'","logger":"airflow"}
{"timestamp":"2025-06-13T12:34:29.481995","level":"info","event":"Kafka Msg: b'1698897600000' - b'{\"open\": 175.52, \"close\": 177.57, \"low\": 175.46, \"high\": 177.78, \"volume\": 77292052.0, \"vwap\": 176.6794, \"timestamp\": 1698897600000, \"transactions\": 805046}'","logger":"airflow"}
{"timestamp":"2025-06-13T12:34:29.482023","level":"info","event":"Kafka Msg: b'1698984000000' - b'{\"open\": 174.24, \"close\": 176.65, \"low\": 173.35, \"high\": 176.82, \"volume\": 79829246.0, \"vwap\": 175.5751, \"timestamp\": 1698984000000, \"transactions\": 858038}'","logger":"airflow"}
{"timestamp":"2025-06-13T12:34:29.482050","level":"info","event":"Kafka Msg: b'1699246800000' - b'{\"open\": 176.38, \"close\": 179.23, \"low\": 176.21, \"high\": 179.43, \"volume\": 63841310.0, \"vwap\": 178.5589, \"timestamp\": 1699246800000, \"transactions\": 678103}'","logger":"airflow"}
{"timestamp":"2025-06-13T12:34:29.482077","level":"info","event":"Kafka Msg: b'1699333200000' - b'{\"open\": 179.18, \"close\": 181.82, \"low\": 178.97, \"high\": 182.44, \"volume\": 70529966.0, \"vwap\": 181.2627, \"timestamp\": 1699333200000, \"transactions\": 653779}'","logger":"airflow"}
{"timestamp":"2025-06-13T12:34:29.482128","level":"info","event":"Kafka Msg: b'1699419600000' - b'{\"open\": 182.35, \"close\": 182.89, \"low\": 181.59, \"high\": 183.45, \"volume\": 49340282.0, \"vwap\": 182.6566, \"timestamp\": 1699419600000, \"transactions\": 542421}'","logger":"airflow"}
{"timestamp":"2025-06-13T12:34:29.482189","level":"info","event":"Kafka Msg: b'1699506000000' - b'{\"open\": 182.96, \"close\": 182.41, \"low\": 181.81, \"high\": 184.12, \"volume\": 53631840.0, \"vwap\": 182.912, \"timestamp\": 1699506000000, \"transactions\": 545657}'","logger":"airflow"}
{"timestamp":"2025-06-13T12:34:29.482262","level":"info","event":"Kafka Msg: b'1699592400000' - b'{\"open\": 183.97, \"close\": 186.4, \"low\": 183.53, \"high\": 186.565, \"volume\": 66177922.0, \"vwap\": 185.4104, \"timestamp\": 1699592400000, \"transactions\": 610938}'","logger":"airflow"}
{"timestamp":"2025-06-13T12:34:29.482331","level":"info","event":"Kafka Msg: b'1699851600000' - b'{\"open\": 185.82, \"close\": 184.8, \"low\": 184.21, \"high\": 186.03, \"volume\": 43627519.0, \"vwap\": 184.8317, \"timestamp\": 1699851600000, \"transactions\": 530407}'","logger":"airflow"}
{"timestamp":"2025-06-13T12:34:29.482446","level":"info","event":"Kafka Msg: b'1699938000000' - b'{\"open\": 187.7, \"close\": 187.44, \"low\": 186.3, \"high\": 188.11, \"volume\": 60108378.0, \"vwap\": 187.2038, \"timestamp\": 1699938000000, \"transactions\": 609218}'","logger":"airflow"}
{"timestamp":"2025-06-13T12:34:29.482508","level":"info","event":"Kafka Msg: b'1700024400000' - b'{\"open\": 187.845, \"close\": 188.01, \"low\": 187.78, \"high\": 189.5, \"volume\": 53608999.0, \"vwap\": 188.4191, \"timestamp\": 1700024400000, \"transactions\": 564159}'","logger":"airflow"}
{"timestamp":"2025-06-13T12:34:29.482565","level":"info","event":"Kafka Msg: b'1700110800000' - b'{\"open\": 189.57, \"close\": 189.71, \"low\": 188.65, \"high\": 190.96, \"volume\": 54412915.0, \"vwap\": 189.7109, \"timestamp\": 1700110800000, \"transactions\": 620748}'","logger":"airflow"}
{"timestamp":"2025-06-13T12:34:29.482612","level":"info","event":"Kafka Msg: b'1700197200000' - b'{\"open\": 190.25, \"close\": 189.69, \"low\": 188.57, \"high\": 190.38, \"volume\": 50737404.0, \"vwap\": 189.6022, \"timestamp\": 1700197200000, \"transactions\": 510217}'","logger":"airflow"}
{"timestamp":"2025-06-13T12:34:29.482701","level":"info","event":"Kafka Msg: b'1700456400000' - b'{\"open\": 189.89, \"close\": 191.45, \"low\": 189.88, \"high\": 191.905, \"volume\": 46538614.0, \"vwap\": 191.2984, \"timestamp\": 1700456400000, \"transactions\": 554014}'","logger":"airflow"}
{"timestamp":"2025-06-13T12:34:29.483109","level":"info","event":"Kafka Msg: b'1700542800000' - b'{\"open\": 191.41, \"close\": 190.64, \"low\": 189.74, \"high\": 191.52, \"volume\": 38134485.0, \"vwap\": 190.51, \"timestamp\": 1700542800000, \"transactions\": 450749}'","logger":"airflow"}
{"timestamp":"2025-06-13T12:34:29.483241","level":"info","event":"Kafka Msg: b'1700629200000' - b'{\"open\": 191.49, \"close\": 191.31, \"low\": 190.825, \"high\": 192.93, \"volume\": 39630011.0, \"vwap\": 191.7223, \"timestamp\": 1700629200000, \"transactions\": 463560}'","logger":"airflow"}
{"timestamp":"2025-06-13T12:34:29.483283","level":"info","event":"Kafka Msg: b'1700802000000' - b'{\"open\": 190.87, \"close\": 189.97, \"low\": 189.25, \"high\": 190.9, \"volume\": 24018404.0, \"vwap\": 189.7899, \"timestamp\": 1700802000000, \"transactions\": 335946}'","logger":"airflow"}
{"timestamp":"2025-06-13T12:34:29.483324","level":"info","event":"Kafka Msg: b'1701061200000' - b'{\"open\": 189.92, \"close\": 189.79, \"low\": 188.9, \"high\": 190.67, \"volume\": 40456609.0, \"vwap\": 189.7974, \"timestamp\": 1701061200000, \"transactions\": 508895}'","logger":"airflow"}
{"timestamp":"2025-06-13T12:34:29.483494","level":"info","event":"Kafka Msg: b'1701147600000' - b'{\"open\": 189.78, \"close\": 190.4, \"low\": 189.4, \"high\": 191.08, \"volume\": 38415419.0, \"vwap\": 190.165, \"timestamp\": 1701147600000, \"transactions\": 458154}'","logger":"airflow"}
{"timestamp":"2025-06-13T12:34:29.483551","level":"info","event":"Kafka Msg: b'1701234000000' - b'{\"open\": 190.9, \"close\": 189.37, \"low\": 188.97, \"high\": 192.09, \"volume\": 43014224.0, \"vwap\": 189.9974, \"timestamp\": 1701234000000, \"transactions\": 493064}'","logger":"airflow"}
{"timestamp":"2025-06-13T12:34:29.483584","level":"info","event":"Kafka Msg: b'1701320400000' - b'{\"open\": 189.84, \"close\": 189.95, \"low\": 188.19, \"high\": 190.32, \"volume\": 48744366.0, \"vwap\": 189.337, \"timestamp\": 1701320400000, \"transactions\": 486786}'","logger":"airflow"}
{"timestamp":"2025-06-13T12:34:29.483613","level":"info","event":"Kafka Msg: b'1686715200000' - b'{\"open\": 183.37, \"close\": 183.95, \"low\": 182.02, \"high\": 184.39, \"volume\": 57462782.0, \"vwap\": 183.7101, \"timestamp\": 1686715200000, \"transactions\": 614097}'","logger":"airflow"}
{"timestamp":"2025-06-13T12:34:29.483642","level":"info","event":"Kafka Msg: b'1686801600000' - b'{\"open\": 183.96, \"close\": 186.01, \"low\": 183.78, \"high\": 186.52, \"volume\": 65433166.0, \"vwap\": 185.5672, \"timestamp\": 1686801600000, \"transactions\": 697003}'","logger":"airflow"}
{"timestamp":"2025-06-13T12:34:29.483820","level":"info","event":"Kafka Msg: b'1686888000000' - b'{\"open\": 186.73, \"close\": 184.92, \"low\": 184.27, \"high\": 186.99, \"volume\": 101151225.0, \"vwap\": 185.4644, \"timestamp\": 1686888000000, \"transactions\": 616272}'","logger":"airflow"}
{"timestamp":"2025-06-13T12:34:29.483867","level":"info","event":"Kafka Msg: b'1687233600000' - b'{\"open\": 184.41, \"close\": 185.01, \"low\": 184.41, \"high\": 186.1, \"volume\": 49799092.0, \"vwap\": 185.2709, \"timestamp\": 1687233600000, \"transactions\": 577495}'","logger":"airflow"}
{"timestamp":"2025-06-13T12:34:29.483933","level":"info","event":"Kafka Msg: b'1687320000000' - b'{\"open\": 184.9, \"close\": 183.96, \"low\": 182.5901, \"high\": 185.41, \"volume\": 49515697.0, \"vwap\": 184.0809, \"timestamp\": 1687320000000, \"transactions\": 520855}'","logger":"airflow"}
{"timestamp":"2025-06-13T12:34:29.483987","level":"info","event":"Kafka Msg: b'1687406400000' - b'{\"open\": 183.74, \"close\": 187, \"low\": 183.67, \"high\": 187.045, \"volume\": 51245327.0, \"vwap\": 186.1166, \"timestamp\": 1687406400000, \"transactions\": 563076}'","logger":"airflow"}
{"timestamp":"2025-06-13T12:34:29.484072","level":"info","event":"Kafka Msg: b'1687492800000' - b'{\"open\": 185.55, \"close\": 186.68, \"low\": 185.01, \"high\": 187.56, \"volume\": 53112346.0, \"vwap\": 186.4952, \"timestamp\": 1687492800000, \"transactions\": 539704}'","logger":"airflow"}
{"timestamp":"2025-06-13T12:34:29.484129","level":"info","event":"Kafka Msg: b'1687752000000' - b'{\"open\": 186.83, \"close\": 185.27, \"low\": 185.23, \"high\": 188.05, \"volume\": 48088661.0, \"vwap\": 186.3292, \"timestamp\": 1687752000000, \"transactions\": 584497}'","logger":"airflow"}
{"timestamp":"2025-06-13T12:34:29.484486","level":"info","event":"Kafka Msg: b'1687838400000' - b'{\"open\": 185.89, \"close\": 188.06, \"low\": 185.67, \"high\": 188.39, \"volume\": 50730846.0, \"vwap\": 187.4998, \"timestamp\": 1687838400000, \"transactions\": 511866}'","logger":"airflow"}
{"timestamp":"2025-06-13T12:34:29.484615","level":"info","event":"Kafka Msg: b'1687924800000' - b'{\"open\": 187.93, \"close\": 189.25, \"low\": 187.6, \"high\": 189.9, \"volume\": 51216801.0, \"vwap\": 188.8916, \"timestamp\": 1687924800000, \"transactions\": 559145}'","logger":"airflow"}
{"timestamp":"2025-06-13T12:34:29.484653","level":"info","event":"Kafka Msg: b'1688011200000' - b'{\"open\": 189.08, \"close\": 189.59, \"low\": 188.94, \"high\": 190.07, \"volume\": 46347308.0, \"vwap\": 189.5561, \"timestamp\": 1688011200000, \"transactions\": 525367}'","logger":"airflow"}
{"timestamp":"2025-06-13T12:34:29.484685","level":"info","event":"Kafka Msg: b'1688097600000' - b'{\"open\": 191.63, \"close\": 193.97, \"low\": 191.26, \"high\": 194.48, \"volume\": 85068452.0, \"vwap\": 193.102, \"timestamp\": 1688097600000, \"transactions\": 774380}'","logger":"airflow"}
{"timestamp":"2025-06-13T12:34:29.484900","level":"info","event":"Kafka Msg: b'1688356800000' - b'{\"open\": 193.78, \"close\": 192.46, \"low\": 191.76, \"high\": 193.88, \"volume\": 31458198.0, \"vwap\": 192.6624, \"timestamp\": 1688356800000, \"transactions\": 500175}'","logger":"airflow"}
{"timestamp":"2025-06-13T12:34:29.485262","level":"info","event":"Kafka Msg: b'1688529600000' - b'{\"open\": 191.565, \"close\": 191.33, \"low\": 190.62, \"high\": 192.98, \"volume\": 46896861.0, \"vwap\": 191.5803, \"timestamp\": 1688529600000, \"transactions\": 560170}'","logger":"airflow"}
{"timestamp":"2025-06-13T12:34:29.485327","level":"info","event":"Kafka Msg: b'1688616000000' - b'{\"open\": 189.84, \"close\": 191.81, \"low\": 189.2, \"high\": 192.02, \"volume\": 45155523.0, \"vwap\": 190.8214, \"timestamp\": 1688616000000, \"transactions\": 562755}'","logger":"airflow"}
{"timestamp":"2025-06-13T12:34:29.485361","level":"info","event":"Kafka Msg: b'1688702400000' - b'{\"open\": 191.41, \"close\": 190.68, \"low\": 190.24, \"high\": 192.67, \"volume\": 46757498.0, \"vwap\": 191.4218, \"timestamp\": 1688702400000, \"transactions\": 538826}'","logger":"airflow"}
{"timestamp":"2025-06-13T12:34:29.485408","level":"info","event":"Kafka Msg: b'1688961600000' - b'{\"open\": 189.26, \"close\": 188.61, \"low\": 187.035, \"high\": 189.99, \"volume\": 59912163.0, \"vwap\": 188.3628, \"timestamp\": 1688961600000, \"transactions\": 736912}'","logger":"airflow"}
{"timestamp":"2025-06-13T12:34:29.485758","level":"info","event":"Kafka Msg: b'1689048000000' - b'{\"open\": 189.16, \"close\": 188.08, \"low\": 186.6, \"high\": 189.3, \"volume\": 46638119.0, \"vwap\": 187.8219, \"timestamp\": 1689048000000, \"transactions\": 577717}'","logger":"airflow"}
{"timestamp":"2025-06-13T12:34:29.486286","level":"info","event":"Kafka Msg: b'1689134400000' - b'{\"open\": 189.68, \"close\": 189.77, \"low\": 188.47, \"high\": 191.7, \"volume\": 60750218.0, \"vwap\": 189.9586, \"timestamp\": 1689134400000, \"transactions\": 652126}'","logger":"airflow"}
{"timestamp":"2025-06-13T12:34:29.486370","level":"info","event":"Kafka Msg: b'1689220800000' - b'{\"open\": 190.5, \"close\": 190.54, \"low\": 189.78, \"high\": 191.19, \"volume\": 41337338.0, \"vwap\": 190.565, \"timestamp\": 1689220800000, \"transactions\": 467952}'","logger":"airflow"}
{"timestamp":"2025-06-13T12:34:29.486511","level":"info","event":"Kafka Msg: b'1689307200000' - b'{\"open\": 190.23, \"close\": 190.69, \"low\": 189.63, \"high\": 191.1799, \"volume\": 41616242.0, \"vwap\": 190.4662, \"timestamp\": 1689307200000, \"transactions\": 513233}'","logger":"airflow"}
{"timestamp":"2025-06-13T12:34:29.486750","level":"info","event":"Kafka Msg: b'1689566400000' - b'{\"open\": 191.9, \"close\": 193.99, \"low\": 191.81, \"high\": 194.32, \"volume\": 50520159.0, \"vwap\": 193.2997, \"timestamp\": 1689566400000, \"transactions\": 602852}'","logger":"airflow"}
{"timestamp":"2025-06-13T12:34:29.486833","level":"info","event":"Kafka Msg: b'1689652800000' - b'{\"open\": 193.35, \"close\": 193.73, \"low\": 192.415, \"high\": 194.33, \"volume\": 48153774.0, \"vwap\": 193.3846, \"timestamp\": 1689652800000, \"transactions\": 544605}'","logger":"airflow"}
{"timestamp":"2025-06-13T12:34:29.486997","level":"info","event":"Kafka Msg: b'1689739200000' - b'{\"open\": 193.1, \"close\": 195.1, \"low\": 192.65, \"high\": 198.23, \"volume\": 80492323.0, \"vwap\": 194.9188, \"timestamp\": 1689739200000, \"transactions\": 776766}'","logger":"airflow"}
{"timestamp":"2025-06-13T12:34:29.487200","level":"info","event":"Kafka Msg: b'1689825600000' - b'{\"open\": 195.09, \"close\": 193.13, \"low\": 192.495, \"high\": 196.47, \"volume\": 59581196.0, \"vwap\": 194.276, \"timestamp\": 1689825600000, \"transactions\": 639817}'","logger":"airflow"}
{"timestamp":"2025-06-13T12:34:29.487468","level":"info","event":"Kafka Msg: b'1689912000000' - b'{\"open\": 194.1, \"close\": 191.94, \"low\": 191.23, \"high\": 194.97, \"volume\": 71451683.0, \"vwap\": 192.5948, \"timestamp\": 1689912000000, \"transactions\": 580360}'","logger":"airflow"}
{"timestamp":"2025-06-13T12:34:29.487516","level":"info","event":"Kafka Msg: b'1690171200000' - b'{\"open\": 193.41, \"close\": 192.75, \"low\": 192.25, \"high\": 194.91, \"volume\": 45345097.0, \"vwap\": 193.2018, \"timestamp\": 1690171200000, \"transactions\": 525853}'","logger":"airflow"}
{"timestamp":"2025-06-13T12:34:29.487546","level":"info","event":"Kafka Msg: b'1690257600000' - b'{\"open\": 193.33, \"close\": 193.62, \"low\": 192.915, \"high\": 194.44, \"volume\": 37283201.0, \"vwap\": 193.804, \"timestamp\": 1690257600000, \"transactions\": 445394}'","logger":"airflow"}
{"timestamp":"2025-06-13T12:34:29.487572","level":"info","event":"Kafka Msg: b'1690344000000' - b'{\"open\": 193.67, \"close\": 194.5, \"low\": 193.32, \"high\": 195.64, \"volume\": 47471868.0, \"vwap\": 194.3737, \"timestamp\": 1690344000000, \"transactions\": 502309}'","logger":"airflow"}
{"timestamp":"2025-06-13T12:34:29.487600","level":"info","event":"Kafka Msg: b'1690430400000' - b'{\"open\": 196.02, \"close\": 193.22, \"low\": 192.55, \"high\": 197.2, \"volume\": 47439680.0, \"vwap\": 194.8773, \"timestamp\": 1690430400000, \"transactions\": 570472}'","logger":"airflow"}
{"timestamp":"2025-06-13T12:34:29.487627","level":"info","event":"Kafka Msg: b'1690516800000' - b'{\"open\": 194.67, \"close\": 195.83, \"low\": 194.14, \"high\": 196.626, \"volume\": 47691443.0, \"vwap\": 195.8075, \"timestamp\": 1690516800000, \"transactions\": 519151}'","logger":"airflow"}
{"timestamp":"2025-06-13T12:34:29.487827","level":"info","event":"Kafka Msg: b'1690776000000' - b'{\"open\": 196.06, \"close\": 196.45, \"low\": 195.26, \"high\": 196.49, \"volume\": 38824113.0, \"vwap\": 196.1507, \"timestamp\": 1690776000000, \"transactions\": 530506}'","logger":"airflow"}
{"timestamp":"2025-06-13T12:34:29.488031","level":"info","event":"Kafka Msg: b'1690862400000' - b'{\"open\": 196.235, \"close\": 195.605, \"low\": 195.28, \"high\": 196.73, \"volume\": 35281426.0, \"vwap\": 195.8486, \"timestamp\": 1690862400000, \"transactions\": 477616}'","logger":"airflow"}
{"timestamp":"2025-06-13T12:34:29.488073","level":"info","event":"Kafka Msg: b'1690948800000' - b'{\"open\": 195.04, \"close\": 192.58, \"low\": 191.8507, \"high\": 195.18, \"volume\": 50388811.0, \"vwap\": 192.9395, \"timestamp\": 1690948800000, \"transactions\": 620582}'","logger":"airflow"}
{"timestamp":"2025-06-13T12:34:29.488269","level":"info","event":"Kafka Msg: b'1691035200000' - b'{\"open\": 191.57, \"close\": 191.17, \"low\": 190.69, \"high\": 192.37, \"volume\": 62243282.0, \"vwap\": 191.1312, \"timestamp\": 1691035200000, \"transactions\": 754703}'","logger":"airflow"}
{"timestamp":"2025-06-13T12:34:29.488425","level":"info","event":"Kafka Msg: b'1691121600000' - b'{\"open\": 185.52, \"close\": 181.99, \"low\": 181.92, \"high\": 187.38, \"volume\": 115956841.0, \"vwap\": 184.279, \"timestamp\": 1691121600000, \"transactions\": 1336765}'","logger":"airflow"}
{"timestamp":"2025-06-13T12:34:29.488620","level":"info","event":"Kafka Msg: b'1691380800000' - b'{\"open\": 182.13, \"close\": 178.85, \"low\": 177.35, \"high\": 183.13, \"volume\": 97105069.0, \"vwap\": 179.0119, \"timestamp\": 1691380800000, \"transactions\": 1159281}'","logger":"airflow"}
{"timestamp":"2025-06-13T12:34:29.488693","level":"info","event":"Kafka Msg: b'1691467200000' - b'{\"open\": 179.69, \"close\": 179.8, \"low\": 177.58, \"high\": 180.27, \"volume\": 67769003.0, \"vwap\": 178.9854, \"timestamp\": 1691467200000, \"transactions\": 709019}'","logger":"airflow"}
{"timestamp":"2025-06-13T12:34:29.488966","level":"info","event":"Kafka Msg: b'1691553600000' - b'{\"open\": 180.87, \"close\": 178.19, \"low\": 177.01, \"high\": 180.93, \"volume\": 60303492.0, \"vwap\": 178.4887, \"timestamp\": 1691553600000, \"transactions\": 666112}'","logger":"airflow"}
{"timestamp":"2025-06-13T12:34:29.489010","level":"info","event":"Kafka Msg: b'1691640000000' - b'{\"open\": 179.48, \"close\": 177.97, \"low\": 177.6, \"high\": 180.75, \"volume\": 54686851.0, \"vwap\": 178.7951, \"timestamp\": 1691640000000, \"transactions\": 652995}'","logger":"airflow"}
{"timestamp":"2025-06-13T12:34:29.489117","level":"info","event":"Kafka Msg: b'1691726400000' - b'{\"open\": 177.32, \"close\": 177.79, \"low\": 176.55, \"high\": 178.62, \"volume\": 51036672.0, \"vwap\": 177.8056, \"timestamp\": 1691726400000, \"transactions\": 586481}'","logger":"airflow"}
{"timestamp":"2025-06-13T12:34:29.489169","level":"info","event":"Kafka Msg: b'1691985600000' - b'{\"open\": 177.97, \"close\": 179.46, \"low\": 177.305, \"high\": 179.69, \"volume\": 43675627.0, \"vwap\": 178.9475, \"timestamp\": 1691985600000, \"transactions\": 564982}'","logger":"airflow"}
{"timestamp":"2025-06-13T12:34:29.489579","level":"info","event":"Kafka Msg: b'1692072000000' - b'{\"open\": 178.88, \"close\": 177.45, \"low\": 177.05, \"high\": 179.48, \"volume\": 43574863.0, \"vwap\": 177.9886, \"timestamp\": 1692072000000, \"transactions\": 510071}'","logger":"airflow"}
{"timestamp":"2025-06-13T12:34:29.489648","level":"info","event":"Kafka Msg: b'1692158400000' - b'{\"open\": 177.13, \"close\": 176.57, \"low\": 176.5, \"high\": 178.54, \"volume\": 45712957.0, \"vwap\": 177.4133, \"timestamp\": 1692158400000, \"transactions\": 526074}'","logger":"airflow"}
{"timestamp":"2025-06-13T12:34:29.489746","level":"info","event":"Kafka Msg: b'1692244800000' - b'{\"open\": 177.14, \"close\": 174, \"low\": 173.48, \"high\": 177.5054, \"volume\": 66054482.0, \"vwap\": 174.5857, \"timestamp\": 1692244800000, \"transactions\": 673083}'","logger":"airflow"}
{"timestamp":"2025-06-13T12:34:29.489849","level":"info","event":"Kafka Msg: b'1692331200000' - b'{\"open\": 172.3, \"close\": 174.49, \"low\": 171.96, \"high\": 175.1, \"volume\": 60171878.0, \"vwap\": 173.8904, \"timestamp\": 1692331200000, \"transactions\": 596474}'","logger":"airflow"}
{"timestamp":"2025-06-13T12:34:29.489936","level":"info","event":"Kafka Msg: b'1692590400000' - b'{\"open\": 175.07, \"close\": 175.84, \"low\": 173.735, \"high\": 176.13, \"volume\": 46161959.0, \"vwap\": 175.2221, \"timestamp\": 1692590400000, \"transactions\": 559658}'","logger":"airflow"}
{"timestamp":"2025-06-13T12:34:29.489989","level":"info","event":"Kafka Msg: b'1692676800000' - b'{\"open\": 177.06, \"close\": 177.23, \"low\": 176.25, \"high\": 177.68, \"volume\": 42057245.0, \"vwap\": 177.0098, \"timestamp\": 1692676800000, \"transactions\": 501508}'","logger":"airflow"}
{"timestamp":"2025-06-13T12:34:29.490046","level":"info","event":"Kafka Msg: b'1692763200000' - b'{\"open\": 178.52, \"close\": 181.12, \"low\": 178.325, \"high\": 181.55, \"volume\": 52722752.0, \"vwap\": 180.6482, \"timestamp\": 1692763200000, \"transactions\": 587165}'","logger":"airflow"}
{"timestamp":"2025-06-13T12:34:29.490075","level":"info","event":"Kafka Msg: b'1692849600000' - b'{\"open\": 180.674, \"close\": 176.38, \"low\": 176.01, \"high\": 181.104, \"volume\": 54912798.0, \"vwap\": 177.7035, \"timestamp\": 1692849600000, \"transactions\": 610377}'","logger":"airflow"}
{"timestamp":"2025-06-13T12:34:29.490139","level":"info","event":"Kafka Msg: b'1692936000000' - b'{\"open\": 177.38, \"close\": 178.61, \"low\": 175.82, \"high\": 179.15, \"volume\": 51439994.0, \"vwap\": 177.9075, \"timestamp\": 1692936000000, \"transactions\": 554789}'","logger":"airflow"}
{"timestamp":"2025-06-13T12:34:29.490189","level":"info","event":"Kafka Msg: b'1693195200000' - b'{\"open\": 180.09, \"close\": 180.19, \"low\": 178.545, \"high\": 180.59, \"volume\": 43803238.0, \"vwap\": 179.6595, \"timestamp\": 1693195200000, \"transactions\": 532485}'","logger":"airflow"}
{"timestamp":"2025-06-13T12:34:29.490282","level":"info","event":"Kafka Msg: b'1693281600000' - b'{\"open\": 179.695, \"close\": 184.12, \"low\": 179.5, \"high\": 184.9, \"volume\": 52953948.0, \"vwap\": 183.28, \"timestamp\": 1693281600000, \"transactions\": 576465}'","logger":"airflow"}
{"timestamp":"2025-06-13T12:34:29.490338","level":"info","event":"Kafka Msg: b'1693368000000' - b'{\"open\": 184.94, \"close\": 187.65, \"low\": 184.74, \"high\": 187.85, \"volume\": 60803988.0, \"vwap\": 186.93, \"timestamp\": 1693368000000, \"transactions\": 636448}'","logger":"airflow"}
{"timestamp":"2025-06-13T12:34:29.490524","level":"info","event":"Kafka Msg: b'1693454400000' - b'{\"open\": 187.84, \"close\": 187.87, \"low\": 187.48, \"high\": 189.12, \"volume\": 60794467.0, \"vwap\": 188.1489, \"timestamp\": 1693454400000, \"transactions\": 554869}'","logger":"airflow"}
{"timestamp":"2025-06-13T12:34:29.490594","level":"info","event":"Kafka Msg: b'1693540800000' - b'{\"open\": 189.485, \"close\": 189.46, \"low\": 188.28, \"high\": 189.92, \"volume\": 45393903.0, \"vwap\": 189.0424, \"timestamp\": 1693540800000, \"transactions\": 530273}'","logger":"airflow"}
{"timestamp":"2025-06-13T12:34:29.490664","level":"info","event":"Kafka Msg: b'1693886400000' - b'{\"open\": 188.28, \"close\": 189.7, \"low\": 187.61, \"high\": 189.98, \"volume\": 45280027.0, \"vwap\": 189.1084, \"timestamp\": 1693886400000, \"transactions\": 602458}'","logger":"airflow"}
{"timestamp":"2025-06-13T12:34:29.490725","level":"info","event":"Kafka Msg: b'1693972800000' - b'{\"open\": 188.4, \"close\": 182.91, \"low\": 181.47, \"high\": 188.85, \"volume\": 81753366.0, \"vwap\": 183.786, \"timestamp\": 1693972800000, \"transactions\": 880106}'","logger":"airflow"}
{"timestamp":"2025-06-13T12:34:29.490803","level":"info","event":"Kafka Msg: b'1694059200000' - b'{\"open\": 175.18, \"close\": 177.56, \"low\": 173.54, \"high\": 178.21, \"volume\": 112416703.0, \"vwap\": 176.7332, \"timestamp\": 1694059200000, \"transactions\": 1210080}'","logger":"airflow"}
{"timestamp":"2025-06-13T12:34:29.491011","level":"info","event":"Kafka Msg: b'1694145600000' - b'{\"open\": 178.35, \"close\": 178.18, \"low\": 177.79, \"high\": 180.239, \"volume\": 65402066.0, \"vwap\": 179.0663, \"timestamp\": 1694145600000, \"transactions\": 755389}'","logger":"airflow"}
{"timestamp":"2025-06-13T12:34:29.491211","level":"info","event":"Kafka Msg: b'1694404800000' - b'{\"open\": 180.07, \"close\": 179.36, \"low\": 177.34, \"high\": 180.3, \"volume\": 58953052.0, \"vwap\": 178.8465, \"timestamp\": 1694404800000, \"transactions\": 722430}'","logger":"airflow"}
{"timestamp":"2025-06-13T12:34:29.491289","level":"info","event":"Kafka Msg: b'1694491200000' - b'{\"open\": 179.49, \"close\": 176.3, \"low\": 174.82, \"high\": 180.13, \"volume\": 90316192.0, \"vwap\": 176.7048, \"timestamp\": 1694491200000, \"transactions\": 937419}'","logger":"airflow"}
{"timestamp":"2025-06-13T12:34:29.491489","level":"info","event":"Kafka Msg: b'1694577600000' - b'{\"open\": 176.51, \"close\": 174.21, \"low\": 173.98, \"high\": 177.3, \"volume\": 84267928.0, \"vwap\": 175.0352, \"timestamp\": 1694577600000, \"transactions\": 835150}'","logger":"airflow"}
{"timestamp":"2025-06-13T12:34:29.491553","level":"info","event":"Kafka Msg: b'1694664000000' - b'{\"open\": 174, \"close\": 175.74, \"low\": 173.58, \"high\": 176.1, \"volume\": 60345757.0, \"vwap\": 175.3715, \"timestamp\": 1694664000000, \"transactions\": 641017}'","logger":"airflow"}
{"timestamp":"2025-06-13T12:34:29.491651","level":"info","event":"Kafka Msg: b'1694750400000' - b'{\"open\": 176.48, \"close\": 175.01, \"low\": 173.82, \"high\": 176.495, \"volume\": 109259461.0, \"vwap\": 175.0843, \"timestamp\": 1694750400000, \"transactions\": 729794}'","logger":"airflow"}
{"timestamp":"2025-06-13T12:34:29.491713","level":"info","event":"Kafka Msg: b'1695009600000' - b'{\"open\": 176.48, \"close\": 177.97, \"low\": 176.17, \"high\": 179.38, \"volume\": 67257573.0, \"vwap\": 177.8915, \"timestamp\": 1695009600000, \"transactions\": 731278}'","logger":"airflow"}
{"timestamp":"2025-06-13T12:34:29.491768","level":"info","event":"Kafka Msg: b'1695096000000' - b'{\"open\": 177.52, \"close\": 179.07, \"low\": 177.13, \"high\": 179.63, \"volume\": 51826941.0, \"vwap\": 178.4293, \"timestamp\": 1695096000000, \"transactions\": 524402}'","logger":"airflow"}
{"timestamp":"2025-06-13T12:34:29.491845","level":"info","event":"Kafka Msg: b'1695182400000' - b'{\"open\": 179.26, \"close\": 175.49, \"low\": 175.4, \"high\": 179.695, \"volume\": 58436181.0, \"vwap\": 176.9653, \"timestamp\": 1695182400000, \"transactions\": 600225}'","logger":"airflow"}
{"timestamp":"2025-06-13T12:34:29.491904","level":"info","event":"Kafka Msg: b'1695268800000' - b'{\"open\": 174.55, \"close\": 173.93, \"low\": 173.86, \"high\": 176.3, \"volume\": 62449116.0, \"vwap\": 174.8619, \"timestamp\": 1695268800000, \"transactions\": 631478}'","logger":"airflow"}
{"timestamp":"2025-06-13T12:34:29.492230","level":"info","event":"Kafka Msg: b'1695355200000' - b'{\"open\": 174.67, \"close\": 174.79, \"low\": 174.05, \"high\": 177.079, \"volume\": 56688985.0, \"vwap\": 175.4667, \"timestamp\": 1695355200000, \"transactions\": 606168}'","logger":"airflow"}
{"timestamp":"2025-06-13T12:34:29.492448","level":"info","event":"Kafka Msg: b'1695614400000' - b'{\"open\": 174.2, \"close\": 176.08, \"low\": 174.15, \"high\": 176.97, \"volume\": 46172740.0, \"vwap\": 175.6665, \"timestamp\": 1695614400000, \"transactions\": 564218}'","logger":"airflow"}
{"timestamp":"2025-06-13T12:34:29.492537","level":"info","event":"Kafka Msg: b'1695700800000' - b'{\"open\": 174.82, \"close\": 171.96, \"low\": 171.66, \"high\": 175.2, \"volume\": 64548945.0, \"vwap\": 172.7156, \"timestamp\": 1695700800000, \"transactions\": 688340}'","logger":"airflow"}
{"timestamp":"2025-06-13T12:34:29.511588","level":"info","event":"Kafka Msg: b'1695787200000' - b'{\"open\": 172.62, \"close\": 170.43, \"low\": 169.05, \"high\": 173.04, \"volume\": 66920708.0, \"vwap\": 170.5335, \"timestamp\": 1695787200000, \"transactions\": 707850}'","logger":"airflow"}
{"timestamp":"2025-06-13T12:34:29.511698","level":"info","event":"Kafka Msg: b'1695873600000' - b'{\"open\": 169.34, \"close\": 170.69, \"low\": 167.62, \"high\": 172.03, \"volume\": 56294419.0, \"vwap\": 170.297, \"timestamp\": 1695873600000, \"transactions\": 618584}'","logger":"airflow"}
{"timestamp":"2025-06-13T12:35:29.518426","level":"info","event":"Reached end of log. Exiting.","logger":"airflow.task.operators.airflow.providers.apache.kafka.operators.consume.ConsumeFromTopicOperator"}
{"timestamp":"2025-06-13T12:35:29.519515","level":"info","event":"committing offset at end_of_operator","logger":"airflow.task.operators.airflow.providers.apache.kafka.operators.consume.ConsumeFromTopicOperator"}
