{"timestamp":"2025-06-14T11:43:59.557282","level":"info","event":"DAG bundles loaded: dags-folder","logger":"airflow.dag_processing.bundles.manager.DagBundlesManager"}
{"timestamp":"2025-06-14T11:43:59.558549","level":"info","event":"Filling up the DagBag from /opt/airflow/dags/dag.py","logger":"airflow.models.dagbag.DagBag"}
{"timestamp":"2025-06-14T11:43:59.793121","level":"info","event":"Secrets backends loaded for worker","count":1,"backend_classes":["EnvironmentVariablesBackend"],"logger":"supervisor"}
{"timestamp":"2025-06-14T11:43:59.845362","level":"info","event":"Connection Retrieved 'TEST'","logger":"airflow.hooks.base"}
{"timestamp":"2025-06-14T11:44:59.865812","level":"info","event":"Kafka Msg: b'1697083200000' - {\"open\": 180.07, \"close\": 180.71, \"low\": 179.04, \"high\": 182.34, \"volume\": 56743119.0, \"vwap\": 180.9482, \"timestamp\": 1697083200000, \"transactions\": 616891}","logger":"airflow"}
{"timestamp":"2025-06-14T11:44:59.867334","level":"info","event":"Kafka Msg: b'1697169600000' - {\"open\": 181.42, \"close\": 178.85, \"low\": 178.14, \"high\": 181.93, \"volume\": 51412082.0, \"vwap\": 179.4154, \"timestamp\": 1697169600000, \"transactions\": 531441}","logger":"airflow"}
{"timestamp":"2025-06-14T11:44:59.867438","level":"info","event":"Kafka Msg: b'1697428800000' - {\"open\": 176.75, \"close\": 178.72, \"low\": 176.51, \"high\": 179.075, \"volume\": 52516984.0, \"vwap\": 178.1478, \"timestamp\": 1697428800000, \"transactions\": 632605}","logger":"airflow"}
{"timestamp":"2025-06-14T11:44:59.867532","level":"info","event":"Kafka Msg: b'1697515200000' - {\"open\": 176.645, \"close\": 177.15, \"low\": 174.8, \"high\": 178.42, \"volume\": 57549350.0, \"vwap\": 176.8623, \"timestamp\": 1697515200000, \"transactions\": 592323}","logger":"airflow"}
{"timestamp":"2025-06-14T11:44:59.867586","level":"info","event":"Kafka Msg: b'1697601600000' - {\"open\": 175.58, \"close\": 175.84, \"low\": 175.11, \"high\": 177.575, \"volume\": 54764375.0, \"vwap\": 176.3501, \"timestamp\": 1697601600000, \"transactions\": 540187}","logger":"airflow"}
{"timestamp":"2025-06-14T11:44:59.867668","level":"info","event":"Kafka Msg: b'1697688000000' - {\"open\": 176.04, \"close\": 175.46, \"low\": 175.19, \"high\": 177.84, \"volume\": 59192863.0, \"vwap\": 176.215, \"timestamp\": 1697688000000, \"transactions\": 560260}","logger":"airflow"}
{"timestamp":"2025-06-14T11:44:59.867735","level":"info","event":"Kafka Msg: b'1697774400000' - {\"open\": 175.31, \"close\": 172.88, \"low\": 172.64, \"high\": 175.42, \"volume\": 64211828.0, \"vwap\": 173.7459, \"timestamp\": 1697774400000, \"transactions\": 600318}","logger":"airflow"}
{"timestamp":"2025-06-14T11:44:59.867809","level":"info","event":"Kafka Msg: b'1698033600000' - {\"open\": 170.91, \"close\": 173, \"low\": 169.93, \"high\": 174.01, \"volume\": 55980109.0, \"vwap\": 172.3829, \"timestamp\": 1698033600000, \"transactions\": 639616}","logger":"airflow"}
{"timestamp":"2025-06-14T11:44:59.867907","level":"info","event":"Kafka Msg: b'1698120000000' - {\"open\": 173.05, \"close\": 173.44, \"low\": 171.45, \"high\": 173.67, \"volume\": 43816644.0, \"vwap\": 172.7333, \"timestamp\": 1698120000000, \"transactions\": 530406}","logger":"airflow"}
{"timestamp":"2025-06-14T11:44:59.867967","level":"info","event":"Kafka Msg: b'1698206400000' - {\"open\": 171.88, \"close\": 171.1, \"low\": 170.65, \"high\": 173.06, \"volume\": 57156962.0, \"vwap\": 171.4932, \"timestamp\": 1698206400000, \"transactions\": 610143}","logger":"airflow"}
{"timestamp":"2025-06-14T11:44:59.868085","level":"info","event":"Kafka Msg: b'1698292800000' - {\"open\": 170.37, \"close\": 166.89, \"low\": 165.67, \"high\": 171.3775, \"volume\": 70625258.0, \"vwap\": 167.5944, \"timestamp\": 1698292800000, \"transactions\": 815217}","logger":"airflow"}
{"timestamp":"2025-06-14T11:44:59.868163","level":"info","event":"Kafka Msg: b'1698379200000' - {\"open\": 166.91, \"close\": 168.22, \"low\": 166.83, \"high\": 168.96, \"volume\": 58257129.0, \"vwap\": 167.9072, \"timestamp\": 1698379200000, \"transactions\": 609511}","logger":"airflow"}
{"timestamp":"2025-06-14T11:44:59.868241","level":"info","event":"Kafka Msg: b'1698638400000' - {\"open\": 169.02, \"close\": 170.29, \"low\": 168.87, \"high\": 171.17, \"volume\": 51130955.0, \"vwap\": 170.0774, \"timestamp\": 1698638400000, \"transactions\": 628253}","logger":"airflow"}
{"timestamp":"2025-06-14T11:44:59.868317","level":"info","event":"Kafka Msg: b'1698724800000' - {\"open\": 169.35, \"close\": 170.77, \"low\": 167.9, \"high\": 170.9, \"volume\": 44846017.0, \"vwap\": 169.9252, \"timestamp\": 1698724800000, \"transactions\": 509879}","logger":"airflow"}
{"timestamp":"2025-06-14T11:44:59.868361","level":"info","event":"Kafka Msg: b'1698811200000' - {\"open\": 171, \"close\": 173.97, \"low\": 170.12, \"high\": 174.23, \"volume\": 56934906.0, \"vwap\": 172.6187, \"timestamp\": 1698811200000, \"transactions\": 633476}","logger":"airflow"}
{"timestamp":"2025-06-14T11:44:59.868387","level":"info","event":"Kafka Msg: b'1698897600000' - {\"open\": 175.52, \"close\": 177.57, \"low\": 175.46, \"high\": 177.78, \"volume\": 77292052.0, \"vwap\": 176.6794, \"timestamp\": 1698897600000, \"transactions\": 805046}","logger":"airflow"}
{"timestamp":"2025-06-14T11:44:59.868419","level":"info","event":"Kafka Msg: b'1698984000000' - {\"open\": 174.24, \"close\": 176.65, \"low\": 173.35, \"high\": 176.82, \"volume\": 79829246.0, \"vwap\": 175.5751, \"timestamp\": 1698984000000, \"transactions\": 858038}","logger":"airflow"}
{"timestamp":"2025-06-14T11:44:59.868443","level":"info","event":"Kafka Msg: b'1699246800000' - {\"open\": 176.38, \"close\": 179.23, \"low\": 176.21, \"high\": 179.43, \"volume\": 63841310.0, \"vwap\": 178.5589, \"timestamp\": 1699246800000, \"transactions\": 678103}","logger":"airflow"}
{"timestamp":"2025-06-14T11:44:59.868467","level":"info","event":"Kafka Msg: b'1699333200000' - {\"open\": 179.18, \"close\": 181.82, \"low\": 178.97, \"high\": 182.44, \"volume\": 70529966.0, \"vwap\": 181.2627, \"timestamp\": 1699333200000, \"transactions\": 653779}","logger":"airflow"}
{"timestamp":"2025-06-14T11:44:59.868492","level":"info","event":"Kafka Msg: b'1699419600000' - {\"open\": 182.35, \"close\": 182.89, \"low\": 181.59, \"high\": 183.45, \"volume\": 49340282.0, \"vwap\": 182.6566, \"timestamp\": 1699419600000, \"transactions\": 542421}","logger":"airflow"}
{"timestamp":"2025-06-14T11:44:59.868516","level":"info","event":"Kafka Msg: b'1699506000000' - {\"open\": 182.96, \"close\": 182.41, \"low\": 181.81, \"high\": 184.12, \"volume\": 53631840.0, \"vwap\": 182.912, \"timestamp\": 1699506000000, \"transactions\": 545657}","logger":"airflow"}
{"timestamp":"2025-06-14T11:44:59.868564","level":"info","event":"Kafka Msg: b'1699592400000' - {\"open\": 183.97, \"close\": 186.4, \"low\": 183.53, \"high\": 186.565, \"volume\": 66177922.0, \"vwap\": 185.4104, \"timestamp\": 1699592400000, \"transactions\": 610938}","logger":"airflow"}
{"timestamp":"2025-06-14T11:44:59.868628","level":"info","event":"Kafka Msg: b'1699851600000' - {\"open\": 185.82, \"close\": 184.8, \"low\": 184.21, \"high\": 186.03, \"volume\": 43627519.0, \"vwap\": 184.8317, \"timestamp\": 1699851600000, \"transactions\": 530407}","logger":"airflow"}
{"timestamp":"2025-06-14T11:44:59.868670","level":"info","event":"Kafka Msg: b'1699938000000' - {\"open\": 187.7, \"close\": 187.44, \"low\": 186.3, \"high\": 188.11, \"volume\": 60108378.0, \"vwap\": 187.2038, \"timestamp\": 1699938000000, \"transactions\": 609218}","logger":"airflow"}
{"timestamp":"2025-06-14T11:44:59.868700","level":"info","event":"Kafka Msg: b'1700024400000' - {\"open\": 187.845, \"close\": 188.01, \"low\": 187.78, \"high\": 189.5, \"volume\": 53608999.0, \"vwap\": 188.4191, \"timestamp\": 1700024400000, \"transactions\": 564159}","logger":"airflow"}
{"timestamp":"2025-06-14T11:44:59.868760","level":"info","event":"Kafka Msg: b'1700110800000' - {\"open\": 189.57, \"close\": 189.71, \"low\": 188.65, \"high\": 190.96, \"volume\": 54412915.0, \"vwap\": 189.7109, \"timestamp\": 1700110800000, \"transactions\": 620748}","logger":"airflow"}
{"timestamp":"2025-06-14T11:44:59.868835","level":"info","event":"Kafka Msg: b'1700197200000' - {\"open\": 190.25, \"close\": 189.69, \"low\": 188.57, \"high\": 190.38, \"volume\": 50737404.0, \"vwap\": 189.6022, \"timestamp\": 1700197200000, \"transactions\": 510217}","logger":"airflow"}
{"timestamp":"2025-06-14T11:44:59.868891","level":"info","event":"Kafka Msg: b'1700456400000' - {\"open\": 189.89, \"close\": 191.45, \"low\": 189.88, \"high\": 191.905, \"volume\": 46538614.0, \"vwap\": 191.2984, \"timestamp\": 1700456400000, \"transactions\": 554014}","logger":"airflow"}
{"timestamp":"2025-06-14T11:44:59.868941","level":"info","event":"Kafka Msg: b'1700542800000' - {\"open\": 191.41, \"close\": 190.64, \"low\": 189.74, \"high\": 191.52, \"volume\": 38134485.0, \"vwap\": 190.51, \"timestamp\": 1700542800000, \"transactions\": 450749}","logger":"airflow"}
{"timestamp":"2025-06-14T11:44:59.868966","level":"info","event":"Kafka Msg: b'1700629200000' - {\"open\": 191.49, \"close\": 191.31, \"low\": 190.825, \"high\": 192.93, \"volume\": 39630011.0, \"vwap\": 191.7223, \"timestamp\": 1700629200000, \"transactions\": 463560}","logger":"airflow"}
{"timestamp":"2025-06-14T11:44:59.868989","level":"info","event":"Kafka Msg: b'1700802000000' - {\"open\": 190.87, \"close\": 189.97, \"low\": 189.25, \"high\": 190.9, \"volume\": 24018404.0, \"vwap\": 189.7899, \"timestamp\": 1700802000000, \"transactions\": 335946}","logger":"airflow"}
{"timestamp":"2025-06-14T11:44:59.869041","level":"info","event":"Kafka Msg: b'1701061200000' - {\"open\": 189.92, \"close\": 189.79, \"low\": 188.9, \"high\": 190.67, \"volume\": 40456609.0, \"vwap\": 189.7974, \"timestamp\": 1701061200000, \"transactions\": 508895}","logger":"airflow"}
{"timestamp":"2025-06-14T11:44:59.869066","level":"info","event":"Kafka Msg: b'1701147600000' - {\"open\": 189.78, \"close\": 190.4, \"low\": 189.4, \"high\": 191.08, \"volume\": 38415419.0, \"vwap\": 190.165, \"timestamp\": 1701147600000, \"transactions\": 458154}","logger":"airflow"}
{"timestamp":"2025-06-14T11:44:59.869117","level":"info","event":"Kafka Msg: b'1701234000000' - {\"open\": 190.9, \"close\": 189.37, \"low\": 188.97, \"high\": 192.09, \"volume\": 43014224.0, \"vwap\": 189.9974, \"timestamp\": 1701234000000, \"transactions\": 493064}","logger":"airflow"}
{"timestamp":"2025-06-14T11:44:59.869194","level":"info","event":"Kafka Msg: b'1701320400000' - {\"open\": 189.84, \"close\": 189.95, \"low\": 188.19, \"high\": 190.32, \"volume\": 48744366.0, \"vwap\": 189.337, \"timestamp\": 1701320400000, \"transactions\": 486786}","logger":"airflow"}
{"timestamp":"2025-06-14T11:44:59.869269","level":"info","event":"Kafka Msg: b'1701406800000' - {\"open\": 190.33, \"close\": 191.24, \"low\": 189.23, \"high\": 191.56, \"volume\": 45676673.0, \"vwap\": 190.8613, \"timestamp\": 1701406800000, \"transactions\": 515537}","logger":"airflow"}
{"timestamp":"2025-06-14T11:44:59.869333","level":"info","event":"Kafka Msg: b'1701666000000' - {\"open\": 189.98, \"close\": 189.43, \"low\": 187.4511, \"high\": 190.05, \"volume\": 43389519.0, \"vwap\": 188.916, \"timestamp\": 1701666000000, \"transactions\": 587461}","logger":"airflow"}
{"timestamp":"2025-06-14T11:44:59.869386","level":"info","event":"Kafka Msg: b'1701752400000' - {\"open\": 190.21, \"close\": 193.42, \"low\": 190.18, \"high\": 194.4, \"volume\": 66628398.0, \"vwap\": 193.1715, \"timestamp\": 1701752400000, \"transactions\": 700669}","logger":"airflow"}
{"timestamp":"2025-06-14T11:44:59.869412","level":"info","event":"Kafka Msg: b'1701838800000' - {\"open\": 194.45, \"close\": 192.32, \"low\": 192.11, \"high\": 194.76, \"volume\": 41055862.0, \"vwap\": 192.8014, \"timestamp\": 1701838800000, \"transactions\": 491436}","logger":"airflow"}
{"timestamp":"2025-06-14T11:44:59.869436","level":"info","event":"Kafka Msg: b'1701925200000' - {\"open\": 193.63, \"close\": 194.27, \"low\": 193.59, \"high\": 195, \"volume\": 47413955.0, \"vwap\": 194.3967, \"timestamp\": 1701925200000, \"transactions\": 495048}","logger":"airflow"}
{"timestamp":"2025-06-14T11:44:59.869484","level":"info","event":"Kafka Msg: b'1702011600000' - {\"open\": 194.2, \"close\": 195.71, \"low\": 193.67, \"high\": 195.99, \"volume\": 53383658.0, \"vwap\": 195.1638, \"timestamp\": 1702011600000, \"transactions\": 538968}","logger":"airflow"}
{"timestamp":"2025-06-14T11:44:59.869536","level":"info","event":"Kafka Msg: b'1702270800000' - {\"open\": 193.11, \"close\": 193.18, \"low\": 191.42, \"high\": 193.49, \"volume\": 60943699.0, \"vwap\": 192.7089, \"timestamp\": 1702270800000, \"transactions\": 691172}","logger":"airflow"}
{"timestamp":"2025-06-14T11:44:59.869589","level":"info","event":"Kafka Msg: b'1702357200000' - {\"open\": 193.08, \"close\": 194.71, \"low\": 191.721, \"high\": 194.72, \"volume\": 52696900.0, \"vwap\": 193.7834, \"timestamp\": 1702357200000, \"transactions\": 510768}","logger":"airflow"}
{"timestamp":"2025-06-14T11:44:59.869653","level":"info","event":"Kafka Msg: b'1702443600000' - {\"open\": 195.09, \"close\": 197.96, \"low\": 194.85, \"high\": 198, \"volume\": 70404183.0, \"vwap\": 196.9085, \"timestamp\": 1702443600000, \"transactions\": 672552}","logger":"airflow"}
{"timestamp":"2025-06-14T11:44:59.869711","level":"info","event":"Kafka Msg: b'1702530000000' - {\"open\": 198.02, \"close\": 198.11, \"low\": 196.16, \"high\": 199.62, \"volume\": 66831572.0, \"vwap\": 198.2872, \"timestamp\": 1702530000000, \"transactions\": 691862}","logger":"airflow"}
{"timestamp":"2025-06-14T11:44:59.869742","level":"info","event":"Kafka Msg: b'1702616400000' - {\"open\": 197.53, \"close\": 197.57, \"low\": 197, \"high\": 198.3999, \"volume\": 127387901.0, \"vwap\": 197.56, \"timestamp\": 1702616400000, \"transactions\": 625452}","logger":"airflow"}
{"timestamp":"2025-06-14T11:44:59.869805","level":"info","event":"Kafka Msg: b'1702875600000' - {\"open\": 196.09, \"close\": 195.89, \"low\": 194.39, \"high\": 196.63, \"volume\": 55751861.0, \"vwap\": 195.6255, \"timestamp\": 1702875600000, \"transactions\": 655763}","logger":"airflow"}
{"timestamp":"2025-06-14T11:44:59.869831","level":"info","event":"Kafka Msg: b'1702962000000' - {\"open\": 196.16, \"close\": 196.94, \"low\": 195.89, \"high\": 196.95, \"volume\": 40714051.0, \"vwap\": 196.5277, \"timestamp\": 1702962000000, \"transactions\": 451709}","logger":"airflow"}
{"timestamp":"2025-06-14T11:44:59.869855","level":"info","event":"Kafka Msg: b'1703048400000' - {\"open\": 196.9, \"close\": 194.83, \"low\": 194.83, \"high\": 197.68, \"volume\": 52242815.0, \"vwap\": 196.142, \"timestamp\": 1703048400000, \"transactions\": 550599}","logger":"airflow"}
{"timestamp":"2025-06-14T11:44:59.869930","level":"info","event":"Kafka Msg: b'1703134800000' - {\"open\": 196.1, \"close\": 194.68, \"low\": 193.5, \"high\": 197.08, \"volume\": 46482549.0, \"vwap\": 194.7425, \"timestamp\": 1703134800000, \"transactions\": 554844}","logger":"airflow"}
{"timestamp":"2025-06-14T11:44:59.870004","level":"info","event":"Kafka Msg: b'1703221200000' - {\"open\": 195.18, \"close\": 193.6, \"low\": 192.97, \"high\": 195.41, \"volume\": 37149570.0, \"vwap\": 194.1013, \"timestamp\": 1703221200000, \"transactions\": 500544}","logger":"airflow"}
{"timestamp":"2025-06-14T11:44:59.870067","level":"info","event":"Kafka Msg: b'1703566800000' - {\"open\": 193.61, \"close\": 193.05, \"low\": 192.83, \"high\": 193.89, \"volume\": 28919310.0, \"vwap\": 193.1713, \"timestamp\": 1703566800000, \"transactions\": 488257}","logger":"airflow"}
{"timestamp":"2025-06-14T11:44:59.870122","level":"info","event":"Kafka Msg: b'1703653200000' - {\"open\": 192.49, \"close\": 193.15, \"low\": 191.09, \"high\": 193.5, \"volume\": 48087681.0, \"vwap\": 192.5679, \"timestamp\": 1703653200000, \"transactions\": 548076}","logger":"airflow"}
{"timestamp":"2025-06-14T11:44:59.870178","level":"info","event":"Kafka Msg: b'1703739600000' - {\"open\": 194.14, \"close\": 193.58, \"low\": 193.17, \"high\": 194.66, \"volume\": 34049898.0, \"vwap\": 193.9222, \"timestamp\": 1703739600000, \"transactions\": 472404}","logger":"airflow"}
{"timestamp":"2025-06-14T11:44:59.870233","level":"info","event":"Kafka Msg: b'1703826000000' - {\"open\": 193.9, \"close\": 192.53, \"low\": 191.725, \"high\": 194.4, \"volume\": 42672148.0, \"vwap\": 192.5761, \"timestamp\": 1703826000000, \"transactions\": 509123}","logger":"airflow"}
{"timestamp":"2025-06-14T11:44:59.870301","level":"info","event":"Kafka Msg: b'1704171600000' - {\"open\": 187.15, \"close\": 185.64, \"low\": 183.885, \"high\": 188.44, \"volume\": 81964874.0, \"vwap\": 185.9465, \"timestamp\": 1704171600000, \"transactions\": 1008871}","logger":"airflow"}
{"timestamp":"2025-06-14T11:44:59.870377","level":"info","event":"Kafka Msg: b'1686801600000' - {\"open\": 183.96, \"close\": 186.01, \"low\": 183.78, \"high\": 186.52, \"volume\": 65433166.0, \"vwap\": 185.5672, \"timestamp\": 1686801600000, \"transactions\": 697003}","logger":"airflow"}
{"timestamp":"2025-06-14T11:44:59.870430","level":"info","event":"Kafka Msg: b'1686888000000' - {\"open\": 186.73, \"close\": 184.92, \"low\": 184.27, \"high\": 186.99, \"volume\": 101151225.0, \"vwap\": 185.4644, \"timestamp\": 1686888000000, \"transactions\": 616272}","logger":"airflow"}
{"timestamp":"2025-06-14T11:44:59.870520","level":"info","event":"Kafka Msg: b'1687233600000' - {\"open\": 184.41, \"close\": 185.01, \"low\": 184.41, \"high\": 186.1, \"volume\": 49799092.0, \"vwap\": 185.2709, \"timestamp\": 1687233600000, \"transactions\": 577495}","logger":"airflow"}
{"timestamp":"2025-06-14T11:44:59.870587","level":"info","event":"Kafka Msg: b'1687320000000' - {\"open\": 184.9, \"close\": 183.96, \"low\": 182.5901, \"high\": 185.41, \"volume\": 49515697.0, \"vwap\": 184.0809, \"timestamp\": 1687320000000, \"transactions\": 520855}","logger":"airflow"}
{"timestamp":"2025-06-14T11:44:59.870651","level":"info","event":"Kafka Msg: b'1687406400000' - {\"open\": 183.74, \"close\": 187, \"low\": 183.67, \"high\": 187.045, \"volume\": 51245327.0, \"vwap\": 186.1166, \"timestamp\": 1687406400000, \"transactions\": 563076}","logger":"airflow"}
{"timestamp":"2025-06-14T11:44:59.870709","level":"info","event":"Kafka Msg: b'1687492800000' - {\"open\": 185.55, \"close\": 186.68, \"low\": 185.01, \"high\": 187.56, \"volume\": 53112346.0, \"vwap\": 186.4952, \"timestamp\": 1687492800000, \"transactions\": 539704}","logger":"airflow"}
{"timestamp":"2025-06-14T11:44:59.870783","level":"info","event":"Kafka Msg: b'1687752000000' - {\"open\": 186.83, \"close\": 185.27, \"low\": 185.23, \"high\": 188.05, \"volume\": 48088661.0, \"vwap\": 186.3292, \"timestamp\": 1687752000000, \"transactions\": 584497}","logger":"airflow"}
{"timestamp":"2025-06-14T11:45:59.928860","level":"info","event":"Kafka Msg: b'1687838400000' - {\"open\": 185.89, \"close\": 188.06, \"low\": 185.67, \"high\": 188.39, \"volume\": 50730846.0, \"vwap\": 187.4998, \"timestamp\": 1687838400000, \"transactions\": 511866}","logger":"airflow"}
{"timestamp":"2025-06-14T11:45:59.929851","level":"info","event":"Kafka Msg: b'1687924800000' - {\"open\": 187.93, \"close\": 189.25, \"low\": 187.6, \"high\": 189.9, \"volume\": 51216801.0, \"vwap\": 188.8916, \"timestamp\": 1687924800000, \"transactions\": 559145}","logger":"airflow"}
{"timestamp":"2025-06-14T11:45:59.929942","level":"info","event":"Kafka Msg: b'1688011200000' - {\"open\": 189.08, \"close\": 189.59, \"low\": 188.94, \"high\": 190.07, \"volume\": 46347308.0, \"vwap\": 189.5561, \"timestamp\": 1688011200000, \"transactions\": 525367}","logger":"airflow"}
{"timestamp":"2025-06-14T11:45:59.930019","level":"info","event":"Kafka Msg: b'1688097600000' - {\"open\": 191.63, \"close\": 193.97, \"low\": 191.26, \"high\": 194.48, \"volume\": 85068452.0, \"vwap\": 193.102, \"timestamp\": 1688097600000, \"transactions\": 774380}","logger":"airflow"}
{"timestamp":"2025-06-14T11:45:59.930095","level":"info","event":"Kafka Msg: b'1688356800000' - {\"open\": 193.78, \"close\": 192.46, \"low\": 191.76, \"high\": 193.88, \"volume\": 31458198.0, \"vwap\": 192.6624, \"timestamp\": 1688356800000, \"transactions\": 500175}","logger":"airflow"}
{"timestamp":"2025-06-14T11:45:59.930644","level":"info","event":"Kafka Msg: b'1688529600000' - {\"open\": 191.565, \"close\": 191.33, \"low\": 190.62, \"high\": 192.98, \"volume\": 46896861.0, \"vwap\": 191.5803, \"timestamp\": 1688529600000, \"transactions\": 560170}","logger":"airflow"}
{"timestamp":"2025-06-14T11:45:59.930729","level":"info","event":"Kafka Msg: b'1688616000000' - {\"open\": 189.84, \"close\": 191.81, \"low\": 189.2, \"high\": 192.02, \"volume\": 45155523.0, \"vwap\": 190.8214, \"timestamp\": 1688616000000, \"transactions\": 562755}","logger":"airflow"}
{"timestamp":"2025-06-14T11:45:59.930795","level":"info","event":"Kafka Msg: b'1688702400000' - {\"open\": 191.41, \"close\": 190.68, \"low\": 190.24, \"high\": 192.67, \"volume\": 46757498.0, \"vwap\": 191.4218, \"timestamp\": 1688702400000, \"transactions\": 538826}","logger":"airflow"}
{"timestamp":"2025-06-14T11:45:59.930890","level":"info","event":"Kafka Msg: b'1688961600000' - {\"open\": 189.26, \"close\": 188.61, \"low\": 187.035, \"high\": 189.99, \"volume\": 59912163.0, \"vwap\": 188.3628, \"timestamp\": 1688961600000, \"transactions\": 736912}","logger":"airflow"}
{"timestamp":"2025-06-14T11:45:59.930958","level":"info","event":"Kafka Msg: b'1689048000000' - {\"open\": 189.16, \"close\": 188.08, \"low\": 186.6, \"high\": 189.3, \"volume\": 46638119.0, \"vwap\": 187.8219, \"timestamp\": 1689048000000, \"transactions\": 577717}","logger":"airflow"}
{"timestamp":"2025-06-14T11:45:59.930997","level":"info","event":"Kafka Msg: b'1689134400000' - {\"open\": 189.68, \"close\": 189.77, \"low\": 188.47, \"high\": 191.7, \"volume\": 60750218.0, \"vwap\": 189.9586, \"timestamp\": 1689134400000, \"transactions\": 652126}","logger":"airflow"}
{"timestamp":"2025-06-14T11:45:59.931272","level":"info","event":"Kafka Msg: b'1689220800000' - {\"open\": 190.5, \"close\": 190.54, \"low\": 189.78, \"high\": 191.19, \"volume\": 41337338.0, \"vwap\": 190.565, \"timestamp\": 1689220800000, \"transactions\": 467952}","logger":"airflow"}
{"timestamp":"2025-06-14T11:46:59.943819","level":"info","event":"Kafka Msg: b'1689307200000' - {\"open\": 190.23, \"close\": 190.69, \"low\": 189.63, \"high\": 191.1799, \"volume\": 41616242.0, \"vwap\": 190.4662, \"timestamp\": 1689307200000, \"transactions\": 513233}","logger":"airflow"}
{"timestamp":"2025-06-14T11:46:59.945274","level":"info","event":"Kafka Msg: b'1689566400000' - {\"open\": 191.9, \"close\": 193.99, \"low\": 191.81, \"high\": 194.32, \"volume\": 50520159.0, \"vwap\": 193.2997, \"timestamp\": 1689566400000, \"transactions\": 602852}","logger":"airflow"}
{"timestamp":"2025-06-14T11:47:59.977718","level":"info","event":"Reached end of log. Exiting.","logger":"airflow.task.operators.airflow.providers.apache.kafka.operators.consume.ConsumeFromTopicOperator"}
{"timestamp":"2025-06-14T11:47:59.979184","level":"info","event":"committing offset at end_of_operator","logger":"airflow.task.operators.airflow.providers.apache.kafka.operators.consume.ConsumeFromTopicOperator"}
